
*** Running vivado
    with args -log zyncepwm_wrapper.vdi -applog -m64 -product Vivado -messageDb vivado.pb -mode batch -source zyncepwm_wrapper.tcl -notrace


ECHO is off.
ECHO is off.

****** Vivado v2023.1 (64-bit)
  **** SW Build 3865809 on Sun May  7 15:05:29 MDT 2023
  **** IP Build 3864474 on Sun May  7 20:36:21 MDT 2023
  **** SharedData Build 3865790 on Sun May 07 13:33:03 MDT 2023
    ** Copyright 1986-2022 Xilinx, Inc. All Rights Reserved.
    ** Copyright 2022-2023 Advanced Micro Devices, Inc. All Rights Reserved.

source zyncepwm_wrapper.tcl -notrace
create_project: Time (s): cpu = 00:00:06 ; elapsed = 00:00:07 . Memory (MB): peak = 456.688 ; gain = 161.578
INFO: [IP_Flow 19-234] Refreshing IP repositories
INFO: [IP_Flow 19-1700] Loaded user IP repository 'c:/Users/JackPaul/OneDrive/Documents/Programs/Projects/eeng498/ip_repo'.
INFO: [IP_Flow 19-2313] Loaded Vivado IP repository 'C:/Xilinx/Vivado/2023.1/data/ip'.
WARNING: [IP_Flow 19-4995] The host OS only allows 260 characters in a normal path. The IP cache path is more than 80 characters. If you experience issues with IP caching, please consider changing the IP cache to a location with a shorter path. Alternately consider using the OS subst command to map part of the path to a drive letter. 
Current IP cache path is C:/Users/JackPaul/OneDrive/Documents/Programs/Projects/eeng498/arminterface-enhancedpwm-lab5/arminterface-enhancedpwm-lab5.cache/ip 
Command: link_design -top zyncepwm_wrapper -part xc7z010clg400-1
Design is defaulting to srcset: sources_1
Design is defaulting to constrset: constrs_1
INFO: [Device 21-403] Loading part xc7z010clg400-1
INFO: [Project 1-454] Reading design checkpoint 'c:/Users/JackPaul/OneDrive/Documents/Programs/Projects/eeng498/arminterface-enhancedpwm-lab5/arminterface-enhancedpwm-lab5.gen/sources_1/bd/zyncepwm/ip/zyncepwm_enhancedPwm_0_0/zyncepwm_enhancedPwm_0_0.dcp' for cell 'zyncepwm_i/enhancedPwm_0'
INFO: [Project 1-454] Reading design checkpoint 'c:/Users/JackPaul/OneDrive/Documents/Programs/Projects/eeng498/arminterface-enhancedpwm-lab5/arminterface-enhancedpwm-lab5.gen/sources_1/bd/zyncepwm/ip/zyncepwm_processing_system7_0_0/zyncepwm_processing_system7_0_0.dcp' for cell 'zyncepwm_i/processing_system7_0'
INFO: [Project 1-454] Reading design checkpoint 'c:/Users/JackPaul/OneDrive/Documents/Programs/Projects/eeng498/arminterface-enhancedpwm-lab5/arminterface-enhancedpwm-lab5.gen/sources_1/bd/zyncepwm/ip/zyncepwm_rst_ps7_0_50M_0/zyncepwm_rst_ps7_0_50M_0.dcp' for cell 'zyncepwm_i/rst_ps7_0_50M'
INFO: [Project 1-454] Reading design checkpoint 'c:/Users/JackPaul/OneDrive/Documents/Programs/Projects/eeng498/arminterface-enhancedpwm-lab5/arminterface-enhancedpwm-lab5.gen/sources_1/bd/zyncepwm/ip/zyncepwm_auto_pc_0/zyncepwm_auto_pc_0.dcp' for cell 'zyncepwm_i/ps7_0_axi_periph/s00_couplers/auto_pc'
Netlist sorting complete. Time (s): cpu = 00:00:00 ; elapsed = 00:00:00.079 . Memory (MB): peak = 897.160 ; gain = 0.000
INFO: [Netlist 29-17] Analyzing 20 Unisim elements for replacement
INFO: [Netlist 29-28] Unisim Transformation completed in 0 CPU seconds
INFO: [Project 1-479] Netlist was created with Vivado 2023.1
INFO: [Project 1-570] Preparing netlist for logic optimization
Parsing XDC File [c:/Users/JackPaul/OneDrive/Documents/Programs/Projects/eeng498/arminterface-enhancedpwm-lab5/arminterface-enhancedpwm-lab5.gen/sources_1/bd/zyncepwm/ip/zyncepwm_processing_system7_0_0/zyncepwm_processing_system7_0_0.xdc] for cell 'zyncepwm_i/processing_system7_0/inst'
Finished Parsing XDC File [c:/Users/JackPaul/OneDrive/Documents/Programs/Projects/eeng498/arminterface-enhancedpwm-lab5/arminterface-enhancedpwm-lab5.gen/sources_1/bd/zyncepwm/ip/zyncepwm_processing_system7_0_0/zyncepwm_processing_system7_0_0.xdc] for cell 'zyncepwm_i/processing_system7_0/inst'
Parsing XDC File [c:/Users/JackPaul/OneDrive/Documents/Programs/Projects/eeng498/arminterface-enhancedpwm-lab5/arminterface-enhancedpwm-lab5.gen/sources_1/bd/zyncepwm/ip/zyncepwm_rst_ps7_0_50M_0/zyncepwm_rst_ps7_0_50M_0_board.xdc] for cell 'zyncepwm_i/rst_ps7_0_50M/U0'
Finished Parsing XDC File [c:/Users/JackPaul/OneDrive/Documents/Programs/Projects/eeng498/arminterface-enhancedpwm-lab5/arminterface-enhancedpwm-lab5.gen/sources_1/bd/zyncepwm/ip/zyncepwm_rst_ps7_0_50M_0/zyncepwm_rst_ps7_0_50M_0_board.xdc] for cell 'zyncepwm_i/rst_ps7_0_50M/U0'
Parsing XDC File [c:/Users/JackPaul/OneDrive/Documents/Programs/Projects/eeng498/arminterface-enhancedpwm-lab5/arminterface-enhancedpwm-lab5.gen/sources_1/bd/zyncepwm/ip/zyncepwm_rst_ps7_0_50M_0/zyncepwm_rst_ps7_0_50M_0.xdc] for cell 'zyncepwm_i/rst_ps7_0_50M/U0'
Finished Parsing XDC File [c:/Users/JackPaul/OneDrive/Documents/Programs/Projects/eeng498/arminterface-enhancedpwm-lab5/arminterface-enhancedpwm-lab5.gen/sources_1/bd/zyncepwm/ip/zyncepwm_rst_ps7_0_50M_0/zyncepwm_rst_ps7_0_50M_0.xdc] for cell 'zyncepwm_i/rst_ps7_0_50M/U0'
Parsing XDC File [C:/Users/JackPaul/OneDrive/Documents/Programs/Projects/eeng498/arminterface-enhancedpwm-lab5/arminterface-enhancedpwm-lab5.srcs/constrs_1/new/zyncepwm.xdc]
Finished Parsing XDC File [C:/Users/JackPaul/OneDrive/Documents/Programs/Projects/eeng498/arminterface-enhancedpwm-lab5/arminterface-enhancedpwm-lab5.srcs/constrs_1/new/zyncepwm.xdc]
INFO: [Opt 31-138] Pushed 0 inverter(s) to 0 load pin(s).
Netlist sorting complete. Time (s): cpu = 00:00:00 ; elapsed = 00:00:00.001 . Memory (MB): peak = 1043.113 ; gain = 0.000
INFO: [Project 1-111] Unisim Transformation Summary:
No Unisim elements were transformed.

14 Infos, 1 Warnings, 0 Critical Warnings and 0 Errors encountered.
link_design completed successfully
link_design: Time (s): cpu = 00:00:08 ; elapsed = 00:00:13 . Memory (MB): peak = 1043.113 ; gain = 545.746
Command: opt_design
Attempting to get a license for feature 'Implementation' and/or device 'xc7z010'
INFO: [Common 17-349] Got license for feature 'Implementation' and/or device 'xc7z010'
Running DRC as a precondition to command opt_design

Starting DRC Task
INFO: [DRC 23-27] Running DRC with 2 threads
INFO: [Project 1-461] DRC finished with 0 Errors
INFO: [Project 1-462] Please refer to the DRC report (report_drc) for more information.

Time (s): cpu = 00:00:01 ; elapsed = 00:00:01 . Memory (MB): peak = 1071.133 ; gain = 28.020

Starting Cache Timing Information Task
INFO: [Timing 38-35] Done setting XDC timing constraints.
Ending Cache Timing Information Task | Checksum: 153462e57

Time (s): cpu = 00:00:08 ; elapsed = 00:00:07 . Memory (MB): peak = 1593.543 ; gain = 522.410

Starting Logic Optimization Task

Phase 1 Retarget
INFO: [Opt 31-138] Pushed 0 inverter(s) to 0 load pin(s).
INFO: [Opt 31-49] Retargeted 0 cell(s).
Phase 1 Retarget | Checksum: 217d1a0b5

Time (s): cpu = 00:00:00 ; elapsed = 00:00:00.121 . Memory (MB): peak = 1946.578 ; gain = 0.000
INFO: [Opt 31-389] Phase Retarget created 4 cells and removed 29 cells

Phase 2 Constant propagation
INFO: [Opt 31-138] Pushed 0 inverter(s) to 0 load pin(s).
Phase 2 Constant propagation | Checksum: 227bdd7de

Time (s): cpu = 00:00:00 ; elapsed = 00:00:00.137 . Memory (MB): peak = 1946.578 ; gain = 0.000
INFO: [Opt 31-389] Phase Constant propagation created 0 cells and removed 8 cells

Phase 3 Sweep
Phase 3 Sweep | Checksum: 16daa7590

Time (s): cpu = 00:00:00 ; elapsed = 00:00:00.284 . Memory (MB): peak = 1946.578 ; gain = 0.000
INFO: [Opt 31-389] Phase Sweep created 0 cells and removed 297 cells

Phase 4 BUFG optimization
Phase 4 BUFG optimization | Checksum: 16daa7590

Time (s): cpu = 00:00:00 ; elapsed = 00:00:00.343 . Memory (MB): peak = 1946.578 ; gain = 0.000
INFO: [Opt 31-662] Phase BUFG optimization created 0 cells of which 0 are BUFGs and removed 0 cells.

Phase 5 Shift Register Optimization
INFO: [Opt 31-1064] SRL Remap converted 0 SRLs to 0 registers and converted 0 registers of register chains to 0 SRLs
Phase 5 Shift Register Optimization | Checksum: 15ecee84d

Time (s): cpu = 00:00:00 ; elapsed = 00:00:00.424 . Memory (MB): peak = 1946.578 ; gain = 0.000
INFO: [Opt 31-389] Phase Shift Register Optimization created 0 cells and removed 0 cells

Phase 6 Post Processing Netlist
Phase 6 Post Processing Netlist | Checksum: 937fb7ff

Time (s): cpu = 00:00:00 ; elapsed = 00:00:00.436 . Memory (MB): peak = 1946.578 ; gain = 0.000
INFO: [Opt 31-389] Phase Post Processing Netlist created 0 cells and removed 0 cells
Opt_design Change Summary
=========================


-------------------------------------------------------------------------------------------------------------------------
|  Phase                        |  #Cells created  |  #Cells Removed  |  #Constrained objects preventing optimizations  |
-------------------------------------------------------------------------------------------------------------------------
|  Retarget                     |               4  |              29  |                                              0  |
|  Constant propagation         |               0  |               8  |                                              0  |
|  Sweep                        |               0  |             297  |                                              0  |
|  BUFG optimization            |               0  |               0  |                                              0  |
|  Shift Register Optimization  |               0  |               0  |                                              0  |
|  Post Processing Netlist      |               0  |               0  |                                              0  |
-------------------------------------------------------------------------------------------------------------------------



Starting Connectivity Check Task

Time (s): cpu = 00:00:00 ; elapsed = 00:00:00.002 . Memory (MB): peak = 1946.578 ; gain = 0.000
Ending Logic Optimization Task | Checksum: 11882c5a2

Time (s): cpu = 00:00:00 ; elapsed = 00:00:00.445 . Memory (MB): peak = 1946.578 ; gain = 0.000

Starting Power Optimization Task
INFO: [Pwropt 34-132] Skipping clock gating for clocks with a period < 2.00 ns.
Ending Power Optimization Task | Checksum: 11882c5a2

Time (s): cpu = 00:00:00 ; elapsed = 00:00:00.016 . Memory (MB): peak = 1946.578 ; gain = 0.000

Starting Final Cleanup Task
Ending Final Cleanup Task | Checksum: 11882c5a2

Time (s): cpu = 00:00:00 ; elapsed = 00:00:00.002 . Memory (MB): peak = 1946.578 ; gain = 0.000

Starting Netlist Obfuscation Task
Netlist sorting complete. Time (s): cpu = 00:00:00 ; elapsed = 00:00:00.001 . Memory (MB): peak = 1946.578 ; gain = 0.000
Ending Netlist Obfuscation Task | Checksum: 11882c5a2

Time (s): cpu = 00:00:00 ; elapsed = 00:00:00.002 . Memory (MB): peak = 1946.578 ; gain = 0.000
INFO: [Common 17-83] Releasing license: Implementation
31 Infos, 1 Warnings, 0 Critical Warnings and 0 Errors encountered.
opt_design completed successfully
opt_design: Time (s): cpu = 00:00:12 ; elapsed = 00:00:12 . Memory (MB): peak = 1946.578 ; gain = 903.465
INFO: [runtcl-4] Executing : report_drc -file zyncepwm_wrapper_drc_opted.rpt -pb zyncepwm_wrapper_drc_opted.pb -rpx zyncepwm_wrapper_drc_opted.rpx
Command: report_drc -file zyncepwm_wrapper_drc_opted.rpt -pb zyncepwm_wrapper_drc_opted.pb -rpx zyncepwm_wrapper_drc_opted.rpx
INFO: [IP_Flow 19-1839] IP Catalog is up to date.
INFO: [DRC 23-27] Running DRC with 2 threads
INFO: [Vivado_Tcl 2-168] The results of DRC are in file C:/Users/JackPaul/OneDrive/Documents/Programs/Projects/eeng498/arminterface-enhancedpwm-lab5/arminterface-enhancedpwm-lab5.runs/impl_1/zyncepwm_wrapper_drc_opted.rpt.
report_drc completed successfully
INFO: [Timing 38-480] Writing timing data to binary archive.
Writing XDEF routing.
Writing XDEF routing logical nets.
Writing XDEF routing special nets.
Write XDEF Complete: Time (s): cpu = 00:00:00 ; elapsed = 00:00:00.121 . Memory (MB): peak = 1946.578 ; gain = 0.000
INFO: [Common 17-1381] The checkpoint 'C:/Users/JackPaul/OneDrive/Documents/Programs/Projects/eeng498/arminterface-enhancedpwm-lab5/arminterface-enhancedpwm-lab5.runs/impl_1/zyncepwm_wrapper_opt.dcp' has been generated.
Command: place_design
Attempting to get a license for feature 'Implementation' and/or device 'xc7z010'
INFO: [Common 17-349] Got license for feature 'Implementation' and/or device 'xc7z010'
INFO: [DRC 23-27] Running DRC with 2 threads
INFO: [Vivado_Tcl 4-198] DRC finished with 0 Errors
INFO: [Vivado_Tcl 4-199] Please refer to the DRC report (report_drc) for more information.
Running DRC as a precondition to command place_design
INFO: [DRC 23-27] Running DRC with 2 threads
INFO: [Vivado_Tcl 4-198] DRC finished with 0 Errors
INFO: [Vivado_Tcl 4-199] Please refer to the DRC report (report_drc) for more information.

Starting Placer Task
INFO: [Place 30-611] Multithreading enabled for place_design using a maximum of 2 CPUs

Phase 1 Placer Initialization

Phase 1.1 Placer Initialization Netlist Sorting
Netlist sorting complete. Time (s): cpu = 00:00:00 ; elapsed = 00:00:00.001 . Memory (MB): peak = 1946.578 ; gain = 0.000
Phase 1.1 Placer Initialization Netlist Sorting | Checksum: 8c6e00e3

Time (s): cpu = 00:00:00 ; elapsed = 00:00:00.014 . Memory (MB): peak = 1946.578 ; gain = 0.000
Netlist sorting complete. Time (s): cpu = 00:00:01 ; elapsed = 00:00:00 . Memory (MB): peak = 1946.578 ; gain = 0.000

Phase 1.2 IO Placement/ Clock Placement/ Build Placer Device
INFO: [Timing 38-35] Done setting XDC timing constraints.
Phase 1.2 IO Placement/ Clock Placement/ Build Placer Device | Checksum: 18dd223d6

Time (s): cpu = 00:00:01 ; elapsed = 00:00:00.502 . Memory (MB): peak = 1946.578 ; gain = 0.000

Phase 1.3 Build Placer Netlist Model
Phase 1.3 Build Placer Netlist Model | Checksum: 146a73c67

Time (s): cpu = 00:00:01 ; elapsed = 00:00:00.753 . Memory (MB): peak = 1946.578 ; gain = 0.000

Phase 1.4 Constrain Clocks/Macros
Phase 1.4 Constrain Clocks/Macros | Checksum: 146a73c67

Time (s): cpu = 00:00:01 ; elapsed = 00:00:00.756 . Memory (MB): peak = 1946.578 ; gain = 0.000
Phase 1 Placer Initialization | Checksum: 146a73c67

Time (s): cpu = 00:00:01 ; elapsed = 00:00:00.761 . Memory (MB): peak = 1946.578 ; gain = 0.000

Phase 2 Global Placement

Phase 2.1 Floorplanning
Phase 2.1 Floorplanning | Checksum: 1c2dd432d

Time (s): cpu = 00:00:02 ; elapsed = 00:00:00.923 . Memory (MB): peak = 1946.578 ; gain = 0.000

Phase 2.2 Update Timing before SLR Path Opt
Phase 2.2 Update Timing before SLR Path Opt | Checksum: 14bbc32d8

Time (s): cpu = 00:00:02 ; elapsed = 00:00:01 . Memory (MB): peak = 1946.578 ; gain = 0.000

Phase 2.3 Post-Processing in Floorplanning
Phase 2.3 Post-Processing in Floorplanning | Checksum: 14bbc32d8

Time (s): cpu = 00:00:02 ; elapsed = 00:00:01 . Memory (MB): peak = 1946.578 ; gain = 0.000

Phase 2.4 Global Placement Core

Phase 2.4.1 UpdateTiming Before Physical Synthesis
Phase 2.4.1 UpdateTiming Before Physical Synthesis | Checksum: 19344262e

Time (s): cpu = 00:00:05 ; elapsed = 00:00:03 . Memory (MB): peak = 1946.578 ; gain = 0.000

Phase 2.4.2 Physical Synthesis In Placer
INFO: [Physopt 32-1035] Found 0 LUTNM shape to break, 25 LUT instances to create LUTNM shape
INFO: [Physopt 32-1044] Break lutnm for timing: one critical 0, two critical 0, total 0, new lutff created 0
INFO: [Physopt 32-1138] End 1 Pass. Optimized 11 nets or LUTs. Breaked 0 LUT, combined 11 existing LUTs and moved 0 existing LUT
INFO: [Physopt 32-65] No nets found for high-fanout optimization.
INFO: [Physopt 32-232] Optimized 0 net. Created 0 new instance.
INFO: [Physopt 32-775] End 1 Pass. Optimized 0 net or cell. Created 0 new cell, deleted 0 existing cell and moved 0 existing cell
INFO: [Physopt 32-670] No setup violation found.  DSP Register Optimization was not performed.
INFO: [Physopt 32-670] No setup violation found.  Shift Register to Pipeline Optimization was not performed.
INFO: [Physopt 32-670] No setup violation found.  Shift Register Optimization was not performed.
INFO: [Physopt 32-670] No setup violation found.  BRAM Register Optimization was not performed.
INFO: [Physopt 32-670] No setup violation found.  URAM Register Optimization was not performed.
INFO: [Physopt 32-949] No candidate nets found for dynamic/static region interface net replication
INFO: [Physopt 32-775] End 1 Pass. Optimized 0 net or cell. Created 0 new cell, deleted 0 existing cell and moved 0 existing cell
Netlist sorting complete. Time (s): cpu = 00:00:00 ; elapsed = 00:00:00.001 . Memory (MB): peak = 1946.578 ; gain = 0.000

Summary of Physical Synthesis Optimizations
============================================


-----------------------------------------------------------------------------------------------------------------------------------------------------------
|  Optimization                                     |  Added Cells  |  Removed Cells  |  Optimized Cells/Nets  |  Dont Touch  |  Iterations  |  Elapsed   |
-----------------------------------------------------------------------------------------------------------------------------------------------------------
|  LUT Combining                                    |            0  |             11  |                    11  |           0  |           1  |  00:00:00  |
|  Retime                                           |            0  |              0  |                     0  |           0  |           1  |  00:00:00  |
|  Very High Fanout                                 |            0  |              0  |                     0  |           0  |           1  |  00:00:00  |
|  DSP Register                                     |            0  |              0  |                     0  |           0  |           0  |  00:00:00  |
|  Shift Register to Pipeline                       |            0  |              0  |                     0  |           0  |           0  |  00:00:00  |
|  Shift Register                                   |            0  |              0  |                     0  |           0  |           0  |  00:00:00  |
|  BRAM Register                                    |            0  |              0  |                     0  |           0  |           0  |  00:00:00  |
|  URAM Register                                    |            0  |              0  |                     0  |           0  |           0  |  00:00:00  |
|  Dynamic/Static Region Interface Net Replication  |            0  |              0  |                     0  |           0  |           1  |  00:00:00  |
|  Total                                            |            0  |             11  |                    11  |           0  |           4  |  00:00:00  |
-----------------------------------------------------------------------------------------------------------------------------------------------------------


Phase 2.4.2 Physical Synthesis In Placer | Checksum: 289a7b2f2

Time (s): cpu = 00:00:05 ; elapsed = 00:00:03 . Memory (MB): peak = 1946.578 ; gain = 0.000
Phase 2.4 Global Placement Core | Checksum: 1ff40bb48

Time (s): cpu = 00:00:05 ; elapsed = 00:00:03 . Memory (MB): peak = 1946.578 ; gain = 0.000
Phase 2 Global Placement | Checksum: 1ff40bb48

Time (s): cpu = 00:00:05 ; elapsed = 00:00:03 . Memory (MB): peak = 1946.578 ; gain = 0.000

Phase 3 Detail Placement

Phase 3.1 Commit Multi Column Macros
Phase 3.1 Commit Multi Column Macros | Checksum: 1c8e3fa40

Time (s): cpu = 00:00:06 ; elapsed = 00:00:03 . Memory (MB): peak = 1946.578 ; gain = 0.000

Phase 3.2 Commit Most Macros & LUTRAMs
Phase 3.2 Commit Most Macros & LUTRAMs | Checksum: 227d452e2

Time (s): cpu = 00:00:06 ; elapsed = 00:00:03 . Memory (MB): peak = 1946.578 ; gain = 0.000

Phase 3.3 Area Swap Optimization
Phase 3.3 Area Swap Optimization | Checksum: 1bdecd501

Time (s): cpu = 00:00:06 ; elapsed = 00:00:03 . Memory (MB): peak = 1946.578 ; gain = 0.000

Phase 3.4 Pipeline Register Optimization
Phase 3.4 Pipeline Register Optimization | Checksum: 15b1f18c3

Time (s): cpu = 00:00:06 ; elapsed = 00:00:03 . Memory (MB): peak = 1946.578 ; gain = 0.000

Phase 3.5 Small Shape Detail Placement
Phase 3.5 Small Shape Detail Placement | Checksum: 14977855f

Time (s): cpu = 00:00:06 ; elapsed = 00:00:04 . Memory (MB): peak = 1946.578 ; gain = 0.000

Phase 3.6 Re-assign LUT pins
Phase 3.6 Re-assign LUT pins | Checksum: 1861bbb1a

Time (s): cpu = 00:00:06 ; elapsed = 00:00:04 . Memory (MB): peak = 1946.578 ; gain = 0.000

Phase 3.7 Pipeline Register Optimization
Phase 3.7 Pipeline Register Optimization | Checksum: 241e8dedc

Time (s): cpu = 00:00:06 ; elapsed = 00:00:04 . Memory (MB): peak = 1946.578 ; gain = 0.000
Phase 3 Detail Placement | Checksum: 241e8dedc

Time (s): cpu = 00:00:06 ; elapsed = 00:00:04 . Memory (MB): peak = 1946.578 ; gain = 0.000

Phase 4 Post Placement Optimization and Clean-Up

Phase 4.1 Post Commit Optimization
INFO: [Timing 38-35] Done setting XDC timing constraints.

Phase 4.1.1 Post Placement Optimization
Post Placement Optimization Initialization | Checksum: 26a1bd415

Phase 4.1.1.1 BUFG Insertion

Starting Physical Synthesis Task

Phase 1 Physical Synthesis Initialization
INFO: [Physopt 32-721] Multithreading enabled for phys_opt_design using a maximum of 2 CPUs
INFO: [Physopt 32-619] Estimated Timing Summary | WNS=14.342 | TNS=0.000 |
Phase 1 Physical Synthesis Initialization | Checksum: 21c0ec00c

Time (s): cpu = 00:00:00 ; elapsed = 00:00:00.052 . Memory (MB): peak = 1946.578 ; gain = 0.000
INFO: [Place 46-56] BUFG insertion identified 0 candidate nets. Inserted BUFG: 0, Replicated BUFG Driver: 0, Skipped due to Placement/Routing Conflicts: 0, Skipped due to Timing Degradation: 0, Skipped due to netlist editing failed: 0.
Ending Physical Synthesis Task | Checksum: 21c0ec00c

Time (s): cpu = 00:00:00 ; elapsed = 00:00:00.063 . Memory (MB): peak = 1946.578 ; gain = 0.000
Phase 4.1.1.1 BUFG Insertion | Checksum: 26a1bd415

Time (s): cpu = 00:00:07 ; elapsed = 00:00:04 . Memory (MB): peak = 1946.578 ; gain = 0.000

Phase 4.1.1.2 Post Placement Timing Optimization
INFO: [Place 30-746] Post Placement Timing Summary WNS=14.342. For the most accurate timing information please run report_timing.
Phase 4.1.1.2 Post Placement Timing Optimization | Checksum: 2462dd48b

Time (s): cpu = 00:00:07 ; elapsed = 00:00:04 . Memory (MB): peak = 1946.578 ; gain = 0.000

Time (s): cpu = 00:00:07 ; elapsed = 00:00:04 . Memory (MB): peak = 1946.578 ; gain = 0.000
Phase 4.1 Post Commit Optimization | Checksum: 2462dd48b

Time (s): cpu = 00:00:07 ; elapsed = 00:00:04 . Memory (MB): peak = 1946.578 ; gain = 0.000

Phase 4.2 Post Placement Cleanup
Phase 4.2 Post Placement Cleanup | Checksum: 2462dd48b

Time (s): cpu = 00:00:07 ; elapsed = 00:00:04 . Memory (MB): peak = 1946.578 ; gain = 0.000

Phase 4.3 Placer Reporting

Phase 4.3.1 Print Estimated Congestion
INFO: [Place 30-612] Post-Placement Estimated Congestion 
 ____________________________________________________
|           | Global Congestion | Short Congestion  |
| Direction | Region Size       | Region Size       |
|___________|___________________|___________________|
|      North|                1x1|                1x1|
|___________|___________________|___________________|
|      South|                1x1|                1x1|
|___________|___________________|___________________|
|       East|                1x1|                1x1|
|___________|___________________|___________________|
|       West|                1x1|                1x1|
|___________|___________________|___________________|

Phase 4.3.1 Print Estimated Congestion | Checksum: 2462dd48b

Time (s): cpu = 00:00:07 ; elapsed = 00:00:04 . Memory (MB): peak = 1946.578 ; gain = 0.000
Phase 4.3 Placer Reporting | Checksum: 2462dd48b

Time (s): cpu = 00:00:07 ; elapsed = 00:00:04 . Memory (MB): peak = 1946.578 ; gain = 0.000

Phase 4.4 Final Placement Cleanup
Netlist sorting complete. Time (s): cpu = 00:00:00 ; elapsed = 00:00:00.001 . Memory (MB): peak = 1946.578 ; gain = 0.000

Time (s): cpu = 00:00:07 ; elapsed = 00:00:04 . Memory (MB): peak = 1946.578 ; gain = 0.000
Phase 4 Post Placement Optimization and Clean-Up | Checksum: 18d82b498

Time (s): cpu = 00:00:07 ; elapsed = 00:00:04 . Memory (MB): peak = 1946.578 ; gain = 0.000
Ending Placer Task | Checksum: d74edb5a

Time (s): cpu = 00:00:07 ; elapsed = 00:00:04 . Memory (MB): peak = 1946.578 ; gain = 0.000
INFO: [Common 17-83] Releasing license: Implementation
66 Infos, 1 Warnings, 0 Critical Warnings and 0 Errors encountered.
place_design completed successfully
place_design: Time (s): cpu = 00:00:08 ; elapsed = 00:00:05 . Memory (MB): peak = 1946.578 ; gain = 0.000
INFO: [runtcl-4] Executing : report_io -file zyncepwm_wrapper_io_placed.rpt
report_io: Time (s): cpu = 00:00:00 ; elapsed = 00:00:00.076 . Memory (MB): peak = 1946.578 ; gain = 0.000
INFO: [runtcl-4] Executing : report_utilization -file zyncepwm_wrapper_utilization_placed.rpt -pb zyncepwm_wrapper_utilization_placed.pb
INFO: [runtcl-4] Executing : report_control_sets -verbose -file zyncepwm_wrapper_control_sets_placed.rpt
report_control_sets: Time (s): cpu = 00:00:00 ; elapsed = 00:00:00.007 . Memory (MB): peak = 1946.578 ; gain = 0.000
INFO: [Timing 38-480] Writing timing data to binary archive.
Writing XDEF routing.
Writing XDEF routing logical nets.
Writing XDEF routing special nets.
Write XDEF Complete: Time (s): cpu = 00:00:01 ; elapsed = 00:00:00.208 . Memory (MB): peak = 1946.578 ; gain = 0.000
INFO: [Common 17-1381] The checkpoint 'C:/Users/JackPaul/OneDrive/Documents/Programs/Projects/eeng498/arminterface-enhancedpwm-lab5/arminterface-enhancedpwm-lab5.runs/impl_1/zyncepwm_wrapper_placed.dcp' has been generated.
Command: phys_opt_design
Attempting to get a license for feature 'Implementation' and/or device 'xc7z010'
INFO: [Common 17-349] Got license for feature 'Implementation' and/or device 'xc7z010'

Starting Initial Update Timing Task

Time (s): cpu = 00:00:00 ; elapsed = 00:00:00.135 . Memory (MB): peak = 1946.578 ; gain = 0.000
INFO: [Vivado_Tcl 4-383] Design worst setup slack (WNS) is greater than or equal to 0.000 ns. Skipping all physical synthesis optimizations.
INFO: [Vivado_Tcl 4-232] No setup violation found. The netlist was not modified.
INFO: [Common 17-83] Releasing license: Implementation
75 Infos, 1 Warnings, 0 Critical Warnings and 0 Errors encountered.
phys_opt_design completed successfully
INFO: [Timing 38-480] Writing timing data to binary archive.
Writing XDEF routing.
Writing XDEF routing logical nets.
Writing XDEF routing special nets.
Write XDEF Complete: Time (s): cpu = 00:00:01 ; elapsed = 00:00:00.204 . Memory (MB): peak = 1958.918 ; gain = 12.340
INFO: [Common 17-1381] The checkpoint 'C:/Users/JackPaul/OneDrive/Documents/Programs/Projects/eeng498/arminterface-enhancedpwm-lab5/arminterface-enhancedpwm-lab5.runs/impl_1/zyncepwm_wrapper_physopt.dcp' has been generated.
Command: route_design
Attempting to get a license for feature 'Implementation' and/or device 'xc7z010'
INFO: [Common 17-349] Got license for feature 'Implementation' and/or device 'xc7z010'
Running DRC as a precondition to command route_design
INFO: [DRC 23-27] Running DRC with 2 threads
INFO: [Vivado_Tcl 4-198] DRC finished with 0 Errors
INFO: [Vivado_Tcl 4-199] Please refer to the DRC report (report_drc) for more information.


Starting Routing Task
INFO: [Route 35-254] Multithreading enabled for route_design using a maximum of 2 CPUs

Phase 1 Build RT Design
Checksum: PlaceDB: 97bbc1a3 ConstDB: 0 ShapeSum: 3f9319b7 RouteDB: 0
Post Restoration Checksum: NetGraph: f1ffd0a3 | NumContArr: 8fe25532 | Constraints: 190a55ad | Timing: 0
Phase 1 Build RT Design | Checksum: 19aec7b82

Time (s): cpu = 00:00:14 ; elapsed = 00:00:13 . Memory (MB): peak = 1996.828 ; gain = 27.797

Phase 2 Router Initialization

Phase 2.1 Fix Topology Constraints
Phase 2.1 Fix Topology Constraints | Checksum: 19aec7b82

Time (s): cpu = 00:00:14 ; elapsed = 00:00:13 . Memory (MB): peak = 1996.828 ; gain = 27.797

Phase 2.2 Pre Route Cleanup
Phase 2.2 Pre Route Cleanup | Checksum: 19aec7b82

Time (s): cpu = 00:00:14 ; elapsed = 00:00:13 . Memory (MB): peak = 1996.828 ; gain = 27.797
 Number of Nodes with overlaps = 0

Phase 2.3 Update Timing
Phase 2.3 Update Timing | Checksum: 1eceeb4cc

Time (s): cpu = 00:00:15 ; elapsed = 00:00:13 . Memory (MB): peak = 2001.621 ; gain = 32.590
INFO: [Route 35-416] Intermediate Timing Summary | WNS=14.427 | TNS=0.000  | WHS=-0.191 | THS=-13.901|


Router Utilization Summary
  Global Vertical Routing Utilization    = 0 %
  Global Horizontal Routing Utilization  = 0 %
  Routable Net Status*
  *Does not include unroutable nets such as driverless and loadless.
  Run report_route_status for detailed report.
  Number of Failed Nets               = 1048
    (Failed Nets is the sum of unrouted and partially routed nets)
  Number of Unrouted Nets             = 1048
  Number of Partially Routed Nets     = 0
  Number of Node Overlaps             = 0

Phase 2 Router Initialization | Checksum: 16c04ce79

Time (s): cpu = 00:00:15 ; elapsed = 00:00:13 . Memory (MB): peak = 2001.621 ; gain = 32.590

Phase 3 Initial Routing

Phase 3.1 Global Routing
Phase 3.1 Global Routing | Checksum: 16c04ce79

Time (s): cpu = 00:00:15 ; elapsed = 00:00:13 . Memory (MB): peak = 2001.621 ; gain = 32.590
Phase 3 Initial Routing | Checksum: 10b2236fc

Time (s): cpu = 00:00:15 ; elapsed = 00:00:13 . Memory (MB): peak = 2001.621 ; gain = 32.590

Phase 4 Rip-up And Reroute

Phase 4.1 Global Iteration 0
 Number of Nodes with overlaps = 36
 Number of Nodes with overlaps = 1
 Number of Nodes with overlaps = 0
INFO: [Route 35-416] Intermediate Timing Summary | WNS=13.666 | TNS=0.000  | WHS=N/A    | THS=N/A    |

Phase 4.1 Global Iteration 0 | Checksum: 175ef5584

Time (s): cpu = 00:00:15 ; elapsed = 00:00:13 . Memory (MB): peak = 2001.621 ; gain = 32.590
Phase 4 Rip-up And Reroute | Checksum: 175ef5584

Time (s): cpu = 00:00:15 ; elapsed = 00:00:13 . Memory (MB): peak = 2001.621 ; gain = 32.590

Phase 5 Delay and Skew Optimization

Phase 5.1 Delay CleanUp

Phase 5.1.1 Update Timing
Phase 5.1.1 Update Timing | Checksum: 151e0ecb9

Time (s): cpu = 00:00:16 ; elapsed = 00:00:13 . Memory (MB): peak = 2001.621 ; gain = 32.590
INFO: [Route 35-416] Intermediate Timing Summary | WNS=13.748 | TNS=0.000  | WHS=N/A    | THS=N/A    |

Phase 5.1 Delay CleanUp | Checksum: 151e0ecb9

Time (s): cpu = 00:00:16 ; elapsed = 00:00:13 . Memory (MB): peak = 2001.621 ; gain = 32.590

Phase 5.2 Clock Skew Optimization
Phase 5.2 Clock Skew Optimization | Checksum: 151e0ecb9

Time (s): cpu = 00:00:16 ; elapsed = 00:00:14 . Memory (MB): peak = 2001.621 ; gain = 32.590
Phase 5 Delay and Skew Optimization | Checksum: 151e0ecb9

Time (s): cpu = 00:00:16 ; elapsed = 00:00:14 . Memory (MB): peak = 2001.621 ; gain = 32.590

Phase 6 Post Hold Fix

Phase 6.1 Hold Fix Iter

Phase 6.1.1 Update Timing
Phase 6.1.1 Update Timing | Checksum: 19092328f

Time (s): cpu = 00:00:16 ; elapsed = 00:00:14 . Memory (MB): peak = 2001.621 ; gain = 32.590
INFO: [Route 35-416] Intermediate Timing Summary | WNS=13.748 | TNS=0.000  | WHS=0.039  | THS=0.000  |

Phase 6.1 Hold Fix Iter | Checksum: 15913e220

Time (s): cpu = 00:00:16 ; elapsed = 00:00:14 . Memory (MB): peak = 2001.621 ; gain = 32.590
Phase 6 Post Hold Fix | Checksum: 15913e220

Time (s): cpu = 00:00:16 ; elapsed = 00:00:14 . Memory (MB): peak = 2001.621 ; gain = 32.590

Phase 7 Route finalize

Router Utilization Summary
  Global Vertical Routing Utilization    = 0.258868 %
  Global Horizontal Routing Utilization  = 0.446232 %
  Routable Net Status*
  *Does not include unroutable nets such as driverless and loadless.
  Run report_route_status for detailed report.
  Number of Failed Nets               = 0
    (Failed Nets is the sum of unrouted and partially routed nets)
  Number of Unrouted Nets             = 0
  Number of Partially Routed Nets     = 0
  Number of Node Overlaps             = 0

Phase 7 Route finalize | Checksum: 1c88fa7f4

Time (s): cpu = 00:00:16 ; elapsed = 00:00:14 . Memory (MB): peak = 2001.621 ; gain = 32.590

Phase 8 Verifying routed nets

 Verification completed successfully
Phase 8 Verifying routed nets | Checksum: 1c88fa7f4

Time (s): cpu = 00:00:16 ; elapsed = 00:00:14 . Memory (MB): peak = 2001.621 ; gain = 32.590

Phase 9 Depositing Routes
Phase 9 Depositing Routes | Checksum: 16de37c1b

Time (s): cpu = 00:00:16 ; elapsed = 00:00:14 . Memory (MB): peak = 2001.621 ; gain = 32.590

Phase 10 Post Router Timing
INFO: [Route 35-57] Estimated Timing Summary | WNS=13.748 | TNS=0.000  | WHS=0.039  | THS=0.000  |

INFO: [Route 35-327] The final timing numbers are based on the router estimated timing analysis. For a complete and accurate timing signoff, please run report_timing_summary.
Phase 10 Post Router Timing | Checksum: 16de37c1b

Time (s): cpu = 00:00:16 ; elapsed = 00:00:14 . Memory (MB): peak = 2001.621 ; gain = 32.590
INFO: [Route 35-16] Router Completed Successfully

Phase 11 Post-Route Event Processing
Phase 11 Post-Route Event Processing | Checksum: c299a6cb

Time (s): cpu = 00:00:16 ; elapsed = 00:00:14 . Memory (MB): peak = 2001.621 ; gain = 32.590

Time (s): cpu = 00:00:16 ; elapsed = 00:00:14 . Memory (MB): peak = 2001.621 ; gain = 32.590

Routing Is Done.
INFO: [Common 17-83] Releasing license: Implementation
90 Infos, 1 Warnings, 0 Critical Warnings and 0 Errors encountered.
route_design completed successfully
route_design: Time (s): cpu = 00:00:18 ; elapsed = 00:00:15 . Memory (MB): peak = 2001.621 ; gain = 42.703
INFO: [runtcl-4] Executing : report_drc -file zyncepwm_wrapper_drc_routed.rpt -pb zyncepwm_wrapper_drc_routed.pb -rpx zyncepwm_wrapper_drc_routed.rpx
Command: report_drc -file zyncepwm_wrapper_drc_routed.rpt -pb zyncepwm_wrapper_drc_routed.pb -rpx zyncepwm_wrapper_drc_routed.rpx
INFO: [IP_Flow 19-1839] IP Catalog is up to date.
INFO: [DRC 23-27] Running DRC with 2 threads
INFO: [Vivado_Tcl 2-168] The results of DRC are in file C:/Users/JackPaul/OneDrive/Documents/Programs/Projects/eeng498/arminterface-enhancedpwm-lab5/arminterface-enhancedpwm-lab5.runs/impl_1/zyncepwm_wrapper_drc_routed.rpt.
report_drc completed successfully
INFO: [runtcl-4] Executing : report_methodology -file zyncepwm_wrapper_methodology_drc_routed.rpt -pb zyncepwm_wrapper_methodology_drc_routed.pb -rpx zyncepwm_wrapper_methodology_drc_routed.rpx
Command: report_methodology -file zyncepwm_wrapper_methodology_drc_routed.rpt -pb zyncepwm_wrapper_methodology_drc_routed.pb -rpx zyncepwm_wrapper_methodology_drc_routed.rpx
INFO: [Timing 38-35] Done setting XDC timing constraints.
INFO: [DRC 23-133] Running Methodology with 2 threads
INFO: [Vivado_Tcl 2-1520] The results of Report Methodology are in file C:/Users/JackPaul/OneDrive/Documents/Programs/Projects/eeng498/arminterface-enhancedpwm-lab5/arminterface-enhancedpwm-lab5.runs/impl_1/zyncepwm_wrapper_methodology_drc_routed.rpt.
report_methodology completed successfully
INFO: [runtcl-4] Executing : report_power -file zyncepwm_wrapper_power_routed.rpt -pb zyncepwm_wrapper_power_summary_routed.pb -rpx zyncepwm_wrapper_power_routed.rpx
Command: report_power -file zyncepwm_wrapper_power_routed.rpt -pb zyncepwm_wrapper_power_summary_routed.pb -rpx zyncepwm_wrapper_power_routed.rpx
INFO: [Timing 38-35] Done setting XDC timing constraints.
Running Vector-less Activity Propagation...

Finished Running Vector-less Activity Propagation
100 Infos, 1 Warnings, 0 Critical Warnings and 0 Errors encountered.
report_power completed successfully
INFO: [runtcl-4] Executing : report_route_status -file zyncepwm_wrapper_route_status.rpt -pb zyncepwm_wrapper_route_status.pb
INFO: [runtcl-4] Executing : report_timing_summary -max_paths 10 -report_unconstrained -file zyncepwm_wrapper_timing_summary_routed.rpt -pb zyncepwm_wrapper_timing_summary_routed.pb -rpx zyncepwm_wrapper_timing_summary_routed.rpx -warn_on_violation 
INFO: [Timing 38-91] UpdateTimingParams: Speed grade: -1, Delay Type: min_max.
INFO: [Timing 38-191] Multithreading enabled for timing update using a maximum of 2 CPUs
INFO: [runtcl-4] Executing : report_incremental_reuse -file zyncepwm_wrapper_incremental_reuse_routed.rpt
INFO: [Vivado_Tcl 4-1062] Incremental flow is disabled. No incremental reuse Info to report.
INFO: [runtcl-4] Executing : report_clock_utilization -file zyncepwm_wrapper_clock_utilization_routed.rpt
INFO: [runtcl-4] Executing : report_bus_skew -warn_on_violation -file zyncepwm_wrapper_bus_skew_routed.rpt -pb zyncepwm_wrapper_bus_skew_routed.pb -rpx zyncepwm_wrapper_bus_skew_routed.rpx
INFO: [Timing 38-91] UpdateTimingParams: Speed grade: -1, Delay Type: min_max.
INFO: [Timing 38-191] Multithreading enabled for timing update using a maximum of 2 CPUs
INFO: [Timing 38-480] Writing timing data to binary archive.
Writing XDEF routing.
Writing XDEF routing logical nets.
Writing XDEF routing special nets.
Write XDEF Complete: Time (s): cpu = 00:00:01 ; elapsed = 00:00:00.247 . Memory (MB): peak = 2040.914 ; gain = 0.000
INFO: [Common 17-1381] The checkpoint 'C:/Users/JackPaul/OneDrive/Documents/Programs/Projects/eeng498/arminterface-enhancedpwm-lab5/arminterface-enhancedpwm-lab5.runs/impl_1/zyncepwm_wrapper_routed.dcp' has been generated.
Command: write_bitstream -force zyncepwm_wrapper.bit
Attempting to get a license for feature 'Implementation' and/or device 'xc7z010'
INFO: [Common 17-349] Got license for feature 'Implementation' and/or device 'xc7z010'
Running DRC as a precondition to command write_bitstream
INFO: [IP_Flow 19-1839] IP Catalog is up to date.
INFO: [DRC 23-27] Running DRC with 2 threads
INFO: [Vivado 12-3199] DRC finished with 0 Errors
INFO: [Vivado 12-3200] Please refer to the DRC report (report_drc) for more information.
INFO: [Designutils 20-2272] Running write_bitstream with 2 threads.
Loading data files...
Loading site data...
Loading route data...
Processing options...
Creating bitmap...
Creating bitstream...
Writing bitstream ./zyncepwm_wrapper.bit...
INFO: [Vivado 12-1842] Bitgen Completed Successfully.
INFO: [Project 1-1876] WebTalk data collection is mandatory when using a ULT device. To see the specific WebTalk data collected for your design, open the usage_statistics_webtalk.html or usage_statistics_webtalk.xml file in the implementation directory.
INFO: [Common 17-83] Releasing license: Implementation
14 Infos, 0 Warnings, 0 Critical Warnings and 0 Errors encountered.
write_bitstream completed successfully
write_bitstream: Time (s): cpu = 00:00:13 ; elapsed = 00:00:10 . Memory (MB): peak = 2489.703 ; gain = 448.789
INFO: [Common 17-206] Exiting Vivado at Wed Nov 15 09:35:21 2023...
