Copyright 1986-2022 Xilinx, Inc. All Rights Reserved. Copyright 2022-2023 Advanced Micro Devices, Inc. All Rights Reserved.
---------------------------------------------------------------------------------------------------------------------------------------------
| Tool Version : Vivado v.2023.1 (win64) Build 3865809 Sun May  7 15:05:29 MDT 2023
| Date         : Wed Nov 15 09:34:49 2023
| Host         : ASUSComputer running 64-bit major release  (build 9200)
| Command      : report_control_sets -verbose -file zyncepwm_wrapper_control_sets_placed.rpt
| Design       : zyncepwm_wrapper
| Device       : xc7z010
---------------------------------------------------------------------------------------------------------------------------------------------

Control Set Information

Table of Contents
-----------------
1. Summary
2. Histogram
3. Flip-Flop Distribution
4. Detailed Control Set Information

1. Summary
----------

+----------------------------------------------------------+-------+
|                          Status                          | Count |
+----------------------------------------------------------+-------+
| Total control sets                                       |    45 |
|    Minimum number of control sets                        |    45 |
|    Addition due to synthesis replication                 |     0 |
|    Addition due to physical synthesis replication        |     0 |
| Unused register locations in slices containing registers |   101 |
+----------------------------------------------------------+-------+
* Control sets can be merged at opt_design using control_set_merge or merge_equivalent_drivers
** Run report_qor_suggestions for automated merging and remapping suggestions


2. Histogram
------------

+--------------------+-------+
|       Fanout       | Count |
+--------------------+-------+
| Total control sets |    45 |
| >= 0 to < 4        |     2 |
| >= 4 to < 6        |    10 |
| >= 6 to < 8        |     1 |
| >= 8 to < 10       |    15 |
| >= 10 to < 12      |     2 |
| >= 12 to < 14      |     2 |
| >= 14 to < 16      |     2 |
| >= 16              |    11 |
+--------------------+-------+
* Control sets can be remapped at either synth_design or opt_design


3. Flip-Flop Distribution
-------------------------

+--------------+-----------------------+------------------------+-----------------+--------------+
| Clock Enable | Synchronous Set/Reset | Asynchronous Set/Reset | Total Registers | Total Slices |
+--------------+-----------------------+------------------------+-----------------+--------------+
| No           | No                    | No                     |             109 |           34 |
| No           | No                    | Yes                    |               0 |            0 |
| No           | Yes                   | No                     |              33 |           18 |
| Yes          | No                    | No                     |             271 |           56 |
| Yes          | No                    | Yes                    |               0 |            0 |
| Yes          | Yes                   | No                     |             174 |           38 |
+--------------+-----------------------+------------------------+-----------------+--------------+


4. Detailed Control Set Information
-----------------------------------

+-------------------------------------------------+----------------------------------------------------------------------------------------------------------------------------------------------------------------+-------------------------------------------------------------------------------------------------------------------------------------------------------+------------------+----------------+--------------+
|                   Clock Signal                  |                                                                          Enable Signal                                                                         |                                                                    Set/Reset Signal                                                                   | Slice Load Count | Bel Load Count | Bels / Slice |
+-------------------------------------------------+----------------------------------------------------------------------------------------------------------------------------------------------------------------+-------------------------------------------------------------------------------------------------------------------------------------------------------+------------------+----------------+--------------+
|  zyncepwm_i/processing_system7_0/inst/FCLK_CLK0 | zyncepwm_i/ps7_0_axi_periph/s00_couplers/auto_pc/inst/gen_axilite.gen_b2s_conv.axilite_b2s/WR.aw_channel_0/aw_cmd_fsm_0/FSM_sequential_state_reg[0]_1          | zyncepwm_i/ps7_0_axi_periph/s00_couplers/auto_pc/inst/gen_axilite.gen_b2s_conv.axilite_b2s/WR.aw_channel_0/aw_cmd_fsm_0/FSM_sequential_state_reg[0]_0 |                1 |              1 |         1.00 |
|  zyncepwm_i/processing_system7_0/inst/FCLK_CLK0 | zyncepwm_i/ps7_0_axi_periph/s00_couplers/auto_pc/inst/gen_axilite.gen_b2s_conv.axilite_b2s/WR.b_channel_0/bid_fifo_0/sel                                       |                                                                                                                                                       |                1 |              2 |         2.00 |
|  zyncepwm_i/processing_system7_0/inst/FCLK_CLK0 |                                                                                                                                                                | zyncepwm_i/ps7_0_axi_periph/s00_couplers/auto_pc/inst/gen_axilite.gen_b2s_conv.axilite_b2s/SI_REG/ar.ar_pipe/aresetn_d_reg[1]_inv_0                   |                4 |              4 |         1.00 |
|  zyncepwm_i/processing_system7_0/inst/FCLK_CLK0 |                                                                                                                                                                | zyncepwm_i/rst_ps7_0_50M/U0/EXT_LPF/lpf_int                                                                                                           |                1 |              4 |         4.00 |
|  zyncepwm_i/processing_system7_0/inst/FCLK_CLK0 | zyncepwm_i/ps7_0_axi_periph/s00_couplers/auto_pc/inst/gen_axilite.gen_b2s_conv.axilite_b2s/RD.ar_channel_0/ar_cmd_fsm_0/sel_first_reg[0]                       |                                                                                                                                                       |                1 |              4 |         4.00 |
|  zyncepwm_i/processing_system7_0/inst/FCLK_CLK0 |                                                                                                                                                                | zyncepwm_i/ps7_0_axi_periph/s00_couplers/auto_pc/inst/gen_axilite.gen_b2s_conv.axilite_b2s/SI_REG/aw.aw_pipe/aresetn_d_reg[0]_0                       |                3 |              4 |         1.33 |
|  zyncepwm_i/processing_system7_0/inst/FCLK_CLK0 | zyncepwm_i/ps7_0_axi_periph/s00_couplers/auto_pc/inst/gen_axilite.gen_b2s_conv.axilite_b2s/WR.aw_channel_0/cmd_translator_0/incr_cmd_0/axaddr_incr[11]_i_1_n_0 |                                                                                                                                                       |                1 |              4 |         4.00 |
|  zyncepwm_i/processing_system7_0/inst/FCLK_CLK0 | zyncepwm_i/ps7_0_axi_periph/s00_couplers/auto_pc/inst/gen_axilite.gen_b2s_conv.axilite_b2s/WR.aw_channel_0/aw_cmd_fsm_0/m_valid_i_reg[0]                       |                                                                                                                                                       |                2 |              4 |         2.00 |
|  zyncepwm_i/processing_system7_0/inst/FCLK_CLK0 | zyncepwm_i/ps7_0_axi_periph/s00_couplers/auto_pc/inst/gen_axilite.gen_b2s_conv.axilite_b2s/RD.ar_channel_0/ar_cmd_fsm_0/m_axi_arready_2                        | zyncepwm_i/ps7_0_axi_periph/s00_couplers/auto_pc/inst/gen_axilite.gen_b2s_conv.axilite_b2s/RD.ar_channel_0/ar_cmd_fsm_0/FSM_sequential_state_reg[1]_0 |                2 |              4 |         2.00 |
|  zyncepwm_i/processing_system7_0/inst/FCLK_CLK0 | zyncepwm_i/ps7_0_axi_periph/s00_couplers/auto_pc/inst/gen_axilite.gen_b2s_conv.axilite_b2s/RD.ar_channel_0/ar_cmd_fsm_0/E[0]                                   |                                                                                                                                                       |                2 |              4 |         2.00 |
|  zyncepwm_i/processing_system7_0/inst/FCLK_CLK0 | zyncepwm_i/ps7_0_axi_periph/s00_couplers/auto_pc/inst/gen_axilite.gen_b2s_conv.axilite_b2s/RD.r_channel_0/rd_data_fifo_0/cnt_read[4]_i_1__0_n_0                | zyncepwm_i/ps7_0_axi_periph/s00_couplers/auto_pc/inst/gen_axilite.gen_b2s_conv.axilite_b2s/areset_d1                                                  |                1 |              5 |         5.00 |
|  zyncepwm_i/processing_system7_0/inst/FCLK_CLK0 | zyncepwm_i/ps7_0_axi_periph/s00_couplers/auto_pc/inst/gen_axilite.gen_b2s_conv.axilite_b2s/RD.r_channel_0/transaction_fifo_0/cnt_read[4]_i_1_n_0               | zyncepwm_i/ps7_0_axi_periph/s00_couplers/auto_pc/inst/gen_axilite.gen_b2s_conv.axilite_b2s/areset_d1                                                  |                2 |              5 |         2.50 |
|  zyncepwm_i/processing_system7_0/inst/FCLK_CLK0 | zyncepwm_i/rst_ps7_0_50M/U0/SEQ/seq_cnt_en                                                                                                                     | zyncepwm_i/rst_ps7_0_50M/U0/SEQ/SEQ_COUNTER/clear                                                                                                     |                1 |              6 |         6.00 |
|  zyncepwm_i/processing_system7_0/inst/FCLK_CLK0 | zyncepwm_i/enhancedPwm_0/U0/enhancedPwm_v1_0_S00_AXI_inst/p_1_in[23]                                                                                           | zyncepwm_i/enhancedPwm_0/U0/enhancedPwm_v1_0_S00_AXI_inst/epwm/dutycycleRegister/SR[0]                                                                |                1 |              8 |         8.00 |
|  zyncepwm_i/processing_system7_0/inst/FCLK_CLK0 | zyncepwm_i/enhancedPwm_0/U0/enhancedPwm_v1_0_S00_AXI_inst/slv_reg0[15]_i_1_n_0                                                                                 | zyncepwm_i/enhancedPwm_0/U0/enhancedPwm_v1_0_S00_AXI_inst/epwm/dutycycleRegister/SR[0]                                                                |                1 |              8 |         8.00 |
|  zyncepwm_i/processing_system7_0/inst/FCLK_CLK0 | zyncepwm_i/enhancedPwm_0/U0/enhancedPwm_v1_0_S00_AXI_inst/slv_reg0[31]_i_1_n_0                                                                                 | zyncepwm_i/enhancedPwm_0/U0/enhancedPwm_v1_0_S00_AXI_inst/epwm/dutycycleRegister/SR[0]                                                                |                1 |              8 |         8.00 |
|  zyncepwm_i/processing_system7_0/inst/FCLK_CLK0 | zyncepwm_i/enhancedPwm_0/U0/enhancedPwm_v1_0_S00_AXI_inst/slv_reg2[15]_i_1_n_0                                                                                 | zyncepwm_i/enhancedPwm_0/U0/enhancedPwm_v1_0_S00_AXI_inst/epwm/dutycycleRegister/SR[0]                                                                |                2 |              8 |         4.00 |
|  zyncepwm_i/processing_system7_0/inst/FCLK_CLK0 | zyncepwm_i/enhancedPwm_0/U0/enhancedPwm_v1_0_S00_AXI_inst/p_1_in[31]                                                                                           | zyncepwm_i/enhancedPwm_0/U0/enhancedPwm_v1_0_S00_AXI_inst/epwm/dutycycleRegister/SR[0]                                                                |                1 |              8 |         8.00 |
|  zyncepwm_i/processing_system7_0/inst/FCLK_CLK0 | zyncepwm_i/enhancedPwm_0/U0/enhancedPwm_v1_0_S00_AXI_inst/slv_reg2[31]_i_1_n_0                                                                                 | zyncepwm_i/enhancedPwm_0/U0/enhancedPwm_v1_0_S00_AXI_inst/epwm/dutycycleRegister/SR[0]                                                                |                2 |              8 |         4.00 |
|  zyncepwm_i/processing_system7_0/inst/FCLK_CLK0 | zyncepwm_i/enhancedPwm_0/U0/enhancedPwm_v1_0_S00_AXI_inst/p_1_in[7]                                                                                            | zyncepwm_i/enhancedPwm_0/U0/enhancedPwm_v1_0_S00_AXI_inst/epwm/dutycycleRegister/SR[0]                                                                |                1 |              8 |         8.00 |
|  zyncepwm_i/processing_system7_0/inst/FCLK_CLK0 | zyncepwm_i/enhancedPwm_0/U0/enhancedPwm_v1_0_S00_AXI_inst/p_1_in[15]                                                                                           | zyncepwm_i/enhancedPwm_0/U0/enhancedPwm_v1_0_S00_AXI_inst/epwm/dutycycleRegister/SR[0]                                                                |                1 |              8 |         8.00 |
|  zyncepwm_i/processing_system7_0/inst/FCLK_CLK0 | zyncepwm_i/enhancedPwm_0/U0/enhancedPwm_v1_0_S00_AXI_inst/epwm/dutycycleCounter/tmp[7]_i_1_n_0                                                                 | zyncepwm_i/enhancedPwm_0/U0/enhancedPwm_v1_0_S00_AXI_inst/epwm/dutycycleRegister/SR[0]                                                                |                2 |              8 |         4.00 |
|  zyncepwm_i/processing_system7_0/inst/FCLK_CLK0 | zyncepwm_i/enhancedPwm_0/U0/enhancedPwm_v1_0_S00_AXI_inst/slv_reg0[23]_i_1_n_0                                                                                 | zyncepwm_i/enhancedPwm_0/U0/enhancedPwm_v1_0_S00_AXI_inst/epwm/dutycycleRegister/SR[0]                                                                |                1 |              8 |         8.00 |
|  zyncepwm_i/processing_system7_0/inst/FCLK_CLK0 | zyncepwm_i/ps7_0_axi_periph/s00_couplers/auto_pc/inst/gen_axilite.gen_b2s_conv.axilite_b2s/WR.b_channel_0/mhandshake_r                                         | zyncepwm_i/ps7_0_axi_periph/s00_couplers/auto_pc/inst/gen_axilite.gen_b2s_conv.axilite_b2s/WR.b_channel_0/bid_fifo_0/SR[0]                            |                3 |              8 |         2.67 |
|  zyncepwm_i/processing_system7_0/inst/FCLK_CLK0 | zyncepwm_i/enhancedPwm_0/U0/enhancedPwm_v1_0_S00_AXI_inst/slv_reg2[23]_i_1_n_0                                                                                 | zyncepwm_i/enhancedPwm_0/U0/enhancedPwm_v1_0_S00_AXI_inst/epwm/dutycycleRegister/SR[0]                                                                |                1 |              8 |         8.00 |
|  zyncepwm_i/processing_system7_0/inst/FCLK_CLK0 | zyncepwm_i/enhancedPwm_0/U0/enhancedPwm_v1_0_S00_AXI_inst/slv_reg2[7]_i_1_n_0                                                                                  | zyncepwm_i/enhancedPwm_0/U0/enhancedPwm_v1_0_S00_AXI_inst/epwm/dutycycleRegister/SR[0]                                                                |                1 |              8 |         8.00 |
|  zyncepwm_i/processing_system7_0/inst/FCLK_CLK0 | zyncepwm_i/enhancedPwm_0/U0/enhancedPwm_v1_0_S00_AXI_inst/slv_reg0[7]_i_1_n_0                                                                                  | zyncepwm_i/enhancedPwm_0/U0/enhancedPwm_v1_0_S00_AXI_inst/epwm/dutycycleRegister/SR[0]                                                                |                1 |              8 |         8.00 |
|  zyncepwm_i/processing_system7_0/inst/FCLK_CLK0 | zyncepwm_i/enhancedPwm_0/U0/enhancedPwm_v1_0_S00_AXI_inst/epwm/dutycycleCounter/E[0]                                                                           | zyncepwm_i/enhancedPwm_0/U0/enhancedPwm_v1_0_S00_AXI_inst/epwm/dutycycleRegister/SR[0]                                                                |                3 |              9 |         3.00 |
|  zyncepwm_i/processing_system7_0/inst/FCLK_CLK0 |                                                                                                                                                                | zyncepwm_i/ps7_0_axi_periph/s00_couplers/auto_pc/inst/gen_axilite.gen_b2s_conv.axilite_b2s/areset_d1                                                  |                5 |             10 |         2.00 |
|  zyncepwm_i/processing_system7_0/inst/FCLK_CLK0 |                                                                                                                                                                | zyncepwm_i/enhancedPwm_0/U0/enhancedPwm_v1_0_S00_AXI_inst/epwm/dutycycleRegister/SR[0]                                                                |                5 |             11 |         2.20 |
|  zyncepwm_i/processing_system7_0/inst/FCLK_CLK0 | zyncepwm_i/ps7_0_axi_periph/s00_couplers/auto_pc/inst/gen_axilite.gen_b2s_conv.axilite_b2s/RD.r_channel_0/r_push_r                                             |                                                                                                                                                       |                4 |             13 |         3.25 |
|  zyncepwm_i/processing_system7_0/inst/FCLK_CLK0 | zyncepwm_i/ps7_0_axi_periph/s00_couplers/auto_pc/inst/gen_axilite.gen_b2s_conv.axilite_b2s/RD.ar_channel_0/ar_cmd_fsm_0/m_axi_arready_2                        |                                                                                                                                                       |                4 |             13 |         3.25 |
|  zyncepwm_i/processing_system7_0/inst/FCLK_CLK0 | zyncepwm_i/ps7_0_axi_periph/s00_couplers/auto_pc/inst/gen_axilite.gen_b2s_conv.axilite_b2s/SI_REG/b.b_pipe/s_ready_i_reg_0                                     |                                                                                                                                                       |                2 |             14 |         7.00 |
|  zyncepwm_i/processing_system7_0/inst/FCLK_CLK0 | zyncepwm_i/ps7_0_axi_periph/s00_couplers/auto_pc/inst/gen_axilite.gen_b2s_conv.axilite_b2s/SI_REG/b.b_pipe/p_1_in                                              |                                                                                                                                                       |                2 |             14 |         7.00 |
|  zyncepwm_i/processing_system7_0/inst/FCLK_CLK0 | zyncepwm_i/ps7_0_axi_periph/s00_couplers/auto_pc/inst/gen_axilite.gen_b2s_conv.axilite_b2s/WR.aw_channel_0/aw_cmd_fsm_0/m_axi_awready_0                        |                                                                                                                                                       |                3 |             16 |         5.33 |
|  zyncepwm_i/processing_system7_0/inst/FCLK_CLK0 | zyncepwm_i/ps7_0_axi_periph/s00_couplers/auto_pc/inst/gen_axilite.gen_b2s_conv.axilite_b2s/WR.aw_channel_0/aw_cmd_fsm_0/FSM_sequential_state_reg[0]_1          |                                                                                                                                                       |                6 |             16 |         2.67 |
|  zyncepwm_i/processing_system7_0/inst/FCLK_CLK0 | zyncepwm_i/ps7_0_axi_periph/s00_couplers/auto_pc/inst/gen_axilite.gen_b2s_conv.axilite_b2s/SI_REG/aw.aw_pipe/s_ready_i_reg_0                                   |                                                                                                                                                       |                6 |             27 |         4.50 |
|  zyncepwm_i/processing_system7_0/inst/FCLK_CLK0 | zyncepwm_i/ps7_0_axi_periph/s00_couplers/auto_pc/inst/gen_axilite.gen_b2s_conv.axilite_b2s/WR.aw_channel_0/aw_cmd_fsm_0/E[0]                                   |                                                                                                                                                       |                5 |             27 |         5.40 |
|  zyncepwm_i/processing_system7_0/inst/FCLK_CLK0 | zyncepwm_i/ps7_0_axi_periph/s00_couplers/auto_pc/inst/gen_axilite.gen_b2s_conv.axilite_b2s/RD.ar_channel_0/ar_cmd_fsm_0/m_valid_i_reg[0]                       |                                                                                                                                                       |                4 |             27 |         6.75 |
|  zyncepwm_i/processing_system7_0/inst/FCLK_CLK0 | zyncepwm_i/ps7_0_axi_periph/s00_couplers/auto_pc/inst/gen_axilite.gen_b2s_conv.axilite_b2s/SI_REG/ar.ar_pipe/s_ready_i_reg_0                                   |                                                                                                                                                       |                4 |             27 |         6.75 |
|  zyncepwm_i/processing_system7_0/inst/FCLK_CLK0 | zyncepwm_i/enhancedPwm_0/U0/enhancedPwm_v1_0_S00_AXI_inst/slv_reg_rden                                                                                         | zyncepwm_i/enhancedPwm_0/U0/enhancedPwm_v1_0_S00_AXI_inst/epwm/dutycycleRegister/SR[0]                                                                |                9 |             32 |         3.56 |
|  zyncepwm_i/processing_system7_0/inst/FCLK_CLK0 | zyncepwm_i/ps7_0_axi_periph/s00_couplers/auto_pc/inst/gen_axilite.gen_b2s_conv.axilite_b2s/RD.r_channel_0/rd_data_fifo_0/wr_en0                                |                                                                                                                                                       |                9 |             32 |         3.56 |
|  zyncepwm_i/processing_system7_0/inst/FCLK_CLK0 | zyncepwm_i/ps7_0_axi_periph/s00_couplers/auto_pc/inst/gen_axilite.gen_b2s_conv.axilite_b2s/SI_REG/r.r_pipe/p_1_in                                              |                                                                                                                                                       |                8 |             45 |         5.62 |
|  zyncepwm_i/processing_system7_0/inst/FCLK_CLK0 | zyncepwm_i/ps7_0_axi_periph/s00_couplers/auto_pc/inst/gen_axilite.gen_b2s_conv.axilite_b2s/SI_REG/r.r_pipe/s_ready_i_reg_0                                     |                                                                                                                                                       |                9 |             45 |         5.00 |
|  zyncepwm_i/processing_system7_0/inst/FCLK_CLK0 |                                                                                                                                                                |                                                                                                                                                       |               35 |            110 |         3.14 |
+-------------------------------------------------+----------------------------------------------------------------------------------------------------------------------------------------------------------------+-------------------------------------------------------------------------------------------------------------------------------------------------------+------------------+----------------+--------------+


