
*** Running vivado
    with args -log enhancedPwm_v1_0.vds -m64 -product Vivado -mode batch -messageDb vivado.pb -notrace -source enhancedPwm_v1_0.tcl


ECHO is off.
ECHO is off.

****** Vivado v2023.1 (64-bit)
  **** SW Build 3865809 on Sun May  7 15:05:29 MDT 2023
  **** IP Build 3864474 on Sun May  7 20:36:21 MDT 2023
  **** SharedData Build 3865790 on Sun May 07 13:33:03 MDT 2023
    ** Copyright 1986-2022 Xilinx, Inc. All Rights Reserved.
    ** Copyright 2022-2023 Advanced Micro Devices, Inc. All Rights Reserved.

source enhancedPwm_v1_0.tcl -notrace
create_project: Time (s): cpu = 00:00:05 ; elapsed = 00:00:05 . Memory (MB): peak = 456.402 ; gain = 158.078
INFO: [IP_Flow 19-234] Refreshing IP repositories
INFO: [IP_Flow 19-1700] Loaded user IP repository 'c:/Users/JackPaul/OneDrive/Documents/Programs/Projects/eeng498/ip_repo'.
INFO: [IP_Flow 19-2313] Loaded Vivado IP repository 'C:/Xilinx/Vivado/2023.1/data/ip'.
WARNING: [IP_Flow 19-4995] The host OS only allows 260 characters in a normal path. The IP cache path is more than 80 characters. If you experience issues with IP caching, please consider changing the IP cache to a location with a shorter path. Alternately consider using the OS subst command to map part of the path to a drive letter. 
Current IP cache path is c:/users/jackpaul/onedrive/documents/programs/projects/eeng498/functiongenerator-lab5/arminterface-enhancedpwm-lab5.tmp/epwm_v1_0_project/epwm_v1_0_project.cache/ip 
Command: synth_design -top enhancedPwm_v1_0 -part xc7z010clg400-1
Starting synth_design
Attempting to get a license for feature 'Synthesis' and/or device 'xc7z010'
INFO: [Common 17-349] Got license for feature 'Synthesis' and/or device 'xc7z010'
INFO: [Synth 8-7079] Multithreading enabled for synth_design using a maximum of 2 processes.
INFO: [Synth 8-7078] Launching helper process for spawning children vivado processes
INFO: [Synth 8-7075] Helper process launched with PID 38488
---------------------------------------------------------------------------------
Starting Synthesize : Time (s): cpu = 00:00:05 ; elapsed = 00:00:04 . Memory (MB): peak = 902.160 ; gain = 416.891
---------------------------------------------------------------------------------
INFO: [Synth 8-638] synthesizing module 'enhancedPwm_v1_0' [c:/Users/JackPaul/OneDrive/Documents/Programs/Projects/eeng498/ip_repo/epwm_1_0/hdl/epwm_v1_0.vhd:51]
	Parameter C_S_AXI_DATA_WIDTH bound to: 32 - type: integer 
	Parameter C_S_AXI_ADDR_WIDTH bound to: 4 - type: integer 
INFO: [Synth 8-3491] module 'enhancedPwm_v1_0_S00_AXI' declared at 'c:/Users/JackPaul/OneDrive/Documents/Programs/Projects/eeng498/ip_repo/epwm_1_0/hdl/epwm_v1_0_S00_AXI.vhd:5' bound to instance 'enhancedPwm_v1_0_S00_AXI_inst' of component 'enhancedPwm_v1_0_S00_AXI' [c:/Users/JackPaul/OneDrive/Documents/Programs/Projects/eeng498/ip_repo/epwm_1_0/hdl/epwm_v1_0.vhd:88]
INFO: [Synth 8-638] synthesizing module 'enhancedPwm_v1_0_S00_AXI' [c:/Users/JackPaul/OneDrive/Documents/Programs/Projects/eeng498/ip_repo/epwm_1_0/hdl/epwm_v1_0_S00_AXI.vhd:88]
	Parameter C_S_AXI_DATA_WIDTH bound to: 32 - type: integer 
	Parameter C_S_AXI_ADDR_WIDTH bound to: 4 - type: integer 
INFO: [Synth 8-226] default block is never used [c:/Users/JackPaul/OneDrive/Documents/Programs/Projects/eeng498/ip_repo/epwm_1_0/hdl/epwm_v1_0_S00_AXI.vhd:234]
INFO: [Synth 8-226] default block is never used [c:/Users/JackPaul/OneDrive/Documents/Programs/Projects/eeng498/ip_repo/epwm_1_0/hdl/epwm_v1_0_S00_AXI.vhd:364]
INFO: [Synth 8-3491] module 'enhancedPwm' declared at 'c:/Users/JackPaul/OneDrive/Documents/Programs/Projects/eeng498/ip_repo/epwm_1_0/src/enhancedPwm.vhdl:10' bound to instance 'epwm' of component 'enhancedPwm' [c:/Users/JackPaul/OneDrive/Documents/Programs/Projects/eeng498/ip_repo/epwm_1_0/hdl/epwm_v1_0_S00_AXI.vhd:398]
INFO: [Synth 8-638] synthesizing module 'enhancedPwm' [c:/Users/JackPaul/OneDrive/Documents/Programs/Projects/eeng498/ip_repo/epwm_1_0/src/enhancedPwm.vhdl:18]
	Parameter N bound to: 8 - type: integer 
INFO: [Synth 8-3491] module 'genericCounter' declared at 'c:/Users/JackPaul/OneDrive/Documents/Programs/Projects/eeng498/ip_repo/epwm_1_0/src/genericCounter.vhdl:15' bound to instance 'dutycycleCounter' of component 'genericCounter' [c:/Users/JackPaul/OneDrive/Documents/Programs/Projects/eeng498/ip_repo/epwm_1_0/src/enhancedPwm.vhdl:44]
INFO: [Synth 8-638] synthesizing module 'genericCounter' [c:/Users/JackPaul/OneDrive/Documents/Programs/Projects/eeng498/ip_repo/epwm_1_0/src/genericCounter.vhdl:23]
	Parameter N bound to: 8 - type: integer 
INFO: [Synth 8-256] done synthesizing module 'genericCounter' (0#1) [c:/Users/JackPaul/OneDrive/Documents/Programs/Projects/eeng498/ip_repo/epwm_1_0/src/genericCounter.vhdl:23]
	Parameter N bound to: 9 - type: integer 
INFO: [Synth 8-3491] module 'genericCompare' declared at 'c:/Users/JackPaul/OneDrive/Documents/Programs/Projects/eeng498/ip_repo/epwm_1_0/src/genericComparator.vhdl:10' bound to instance 'dutycycleCompare' of component 'genericCompare' [c:/Users/JackPaul/OneDrive/Documents/Programs/Projects/eeng498/ip_repo/epwm_1_0/src/enhancedPwm.vhdl:54]
INFO: [Synth 8-638] synthesizing module 'genericCompare' [c:/Users/JackPaul/OneDrive/Documents/Programs/Projects/eeng498/ip_repo/epwm_1_0/src/genericComparator.vhdl:16]
	Parameter N bound to: 9 - type: integer 
INFO: [Synth 8-256] done synthesizing module 'genericCompare' (0#1) [c:/Users/JackPaul/OneDrive/Documents/Programs/Projects/eeng498/ip_repo/epwm_1_0/src/genericComparator.vhdl:16]
	Parameter N bound to: 8 - type: integer 
INFO: [Synth 8-3491] module 'genericCompare' declared at 'c:/Users/JackPaul/OneDrive/Documents/Programs/Projects/eeng498/ip_repo/epwm_1_0/src/genericComparator.vhdl:10' bound to instance 'rolloverCompare' of component 'genericCompare' [c:/Users/JackPaul/OneDrive/Documents/Programs/Projects/eeng498/ip_repo/epwm_1_0/src/enhancedPwm.vhdl:64]
INFO: [Synth 8-638] synthesizing module 'genericCompare__parameterized1' [c:/Users/JackPaul/OneDrive/Documents/Programs/Projects/eeng498/ip_repo/epwm_1_0/src/genericComparator.vhdl:16]
	Parameter N bound to: 8 - type: integer 
INFO: [Synth 8-256] done synthesizing module 'genericCompare__parameterized1' (0#1) [c:/Users/JackPaul/OneDrive/Documents/Programs/Projects/eeng498/ip_repo/epwm_1_0/src/genericComparator.vhdl:16]
	Parameter N bound to: 9 - type: integer 
INFO: [Synth 8-3491] module 'genericRegister' declared at 'c:/Users/JackPaul/OneDrive/Documents/Programs/Projects/eeng498/ip_repo/epwm_1_0/src/genericRegister.vhdl:11' bound to instance 'dutycycleRegister' of component 'genericRegister' [c:/Users/JackPaul/OneDrive/Documents/Programs/Projects/eeng498/ip_repo/epwm_1_0/src/enhancedPwm.vhdl:74]
INFO: [Synth 8-638] synthesizing module 'genericRegister' [c:/Users/JackPaul/OneDrive/Documents/Programs/Projects/eeng498/ip_repo/epwm_1_0/src/genericRegister.vhdl:18]
	Parameter N bound to: 9 - type: integer 
INFO: [Synth 8-256] done synthesizing module 'genericRegister' (0#1) [c:/Users/JackPaul/OneDrive/Documents/Programs/Projects/eeng498/ip_repo/epwm_1_0/src/genericRegister.vhdl:18]
INFO: [Synth 8-256] done synthesizing module 'enhancedPwm' (0#1) [c:/Users/JackPaul/OneDrive/Documents/Programs/Projects/eeng498/ip_repo/epwm_1_0/src/enhancedPwm.vhdl:18]
INFO: [Synth 8-256] done synthesizing module 'enhancedPwm_v1_0_S00_AXI' (0#1) [c:/Users/JackPaul/OneDrive/Documents/Programs/Projects/eeng498/ip_repo/epwm_1_0/hdl/epwm_v1_0_S00_AXI.vhd:88]
INFO: [Synth 8-256] done synthesizing module 'enhancedPwm_v1_0' (0#1) [c:/Users/JackPaul/OneDrive/Documents/Programs/Projects/eeng498/ip_repo/epwm_1_0/hdl/epwm_v1_0.vhd:51]
WARNING: [Synth 8-3848] Net pwmCount in module/entity enhancedPwm does not have driver. [c:/Users/JackPaul/OneDrive/Documents/Programs/Projects/eeng498/ip_repo/epwm_1_0/src/enhancedPwm.vhdl:14]
WARNING: [Synth 8-6014] Unused sequential element slv_reg1_reg was removed.  [c:/Users/JackPaul/OneDrive/Documents/Programs/Projects/eeng498/ip_repo/epwm_1_0/hdl/epwm_v1_0_S00_AXI.vhd:228]
WARNING: [Synth 8-7129] Port pwmCount[7] in module enhancedPwm is either unconnected or has no load
WARNING: [Synth 8-7129] Port pwmCount[6] in module enhancedPwm is either unconnected or has no load
WARNING: [Synth 8-7129] Port pwmCount[5] in module enhancedPwm is either unconnected or has no load
WARNING: [Synth 8-7129] Port pwmCount[4] in module enhancedPwm is either unconnected or has no load
WARNING: [Synth 8-7129] Port pwmCount[3] in module enhancedPwm is either unconnected or has no load
WARNING: [Synth 8-7129] Port pwmCount[2] in module enhancedPwm is either unconnected or has no load
WARNING: [Synth 8-7129] Port pwmCount[1] in module enhancedPwm is either unconnected or has no load
WARNING: [Synth 8-7129] Port pwmCount[0] in module enhancedPwm is either unconnected or has no load
WARNING: [Synth 8-7129] Port S_AXI_AWPROT[2] in module enhancedPwm_v1_0_S00_AXI is either unconnected or has no load
WARNING: [Synth 8-7129] Port S_AXI_AWPROT[1] in module enhancedPwm_v1_0_S00_AXI is either unconnected or has no load
WARNING: [Synth 8-7129] Port S_AXI_AWPROT[0] in module enhancedPwm_v1_0_S00_AXI is either unconnected or has no load
WARNING: [Synth 8-7129] Port S_AXI_ARPROT[2] in module enhancedPwm_v1_0_S00_AXI is either unconnected or has no load
WARNING: [Synth 8-7129] Port S_AXI_ARPROT[1] in module enhancedPwm_v1_0_S00_AXI is either unconnected or has no load
WARNING: [Synth 8-7129] Port S_AXI_ARPROT[0] in module enhancedPwm_v1_0_S00_AXI is either unconnected or has no load
---------------------------------------------------------------------------------
Finished Synthesize : Time (s): cpu = 00:00:06 ; elapsed = 00:00:06 . Memory (MB): peak = 995.043 ; gain = 509.773
---------------------------------------------------------------------------------
---------------------------------------------------------------------------------
Finished Constraint Validation : Time (s): cpu = 00:00:07 ; elapsed = 00:00:06 . Memory (MB): peak = 995.043 ; gain = 509.773
---------------------------------------------------------------------------------
---------------------------------------------------------------------------------
Start Loading Part and Timing Information
---------------------------------------------------------------------------------
Loading part: xc7z010clg400-1
---------------------------------------------------------------------------------
Finished Loading Part and Timing Information : Time (s): cpu = 00:00:07 ; elapsed = 00:00:06 . Memory (MB): peak = 995.043 ; gain = 509.773
---------------------------------------------------------------------------------
INFO: [Device 21-403] Loading part xc7z010clg400-1
---------------------------------------------------------------------------------
Finished RTL Optimization Phase 2 : Time (s): cpu = 00:00:07 ; elapsed = 00:00:07 . Memory (MB): peak = 995.043 ; gain = 509.773
---------------------------------------------------------------------------------
No constraint files found.
---------------------------------------------------------------------------------
Start RTL Component Statistics 
---------------------------------------------------------------------------------
Detailed RTL Component Info : 
+---Adders : 
	   2 Input    8 Bit       Adders := 1     
+---Registers : 
	               32 Bit    Registers := 4     
	                9 Bit    Registers := 1     
	                8 Bit    Registers := 1     
	                4 Bit    Registers := 2     
	                2 Bit    Registers := 2     
	                1 Bit    Registers := 7     
+---Muxes : 
	   2 Input   32 Bit        Muxes := 3     
	   4 Input   32 Bit        Muxes := 4     
	   4 Input    8 Bit        Muxes := 1     
	   2 Input    3 Bit        Muxes := 2     
	   2 Input    2 Bit        Muxes := 2     
	   4 Input    2 Bit        Muxes := 1     
	   4 Input    1 Bit        Muxes := 1     
	   2 Input    1 Bit        Muxes := 5     
---------------------------------------------------------------------------------
Finished RTL Component Statistics 
---------------------------------------------------------------------------------
---------------------------------------------------------------------------------
Start Part Resource Summary
---------------------------------------------------------------------------------
Part Resources:
DSPs: 80 (col length:40)
BRAMs: 120 (col length: RAMB18 40 RAMB36 20)
---------------------------------------------------------------------------------
Finished Part Resource Summary
---------------------------------------------------------------------------------
No constraint files found.
---------------------------------------------------------------------------------
Start Cross Boundary and Area Optimization
---------------------------------------------------------------------------------
WARNING: [Synth 8-7080] Parallel synthesis criteria is not met
WARNING: [Synth 8-7129] Port s00_axi_awprot[2] in module enhancedPwm_v1_0 is either unconnected or has no load
WARNING: [Synth 8-7129] Port s00_axi_awprot[1] in module enhancedPwm_v1_0 is either unconnected or has no load
WARNING: [Synth 8-7129] Port s00_axi_awprot[0] in module enhancedPwm_v1_0 is either unconnected or has no load
WARNING: [Synth 8-7129] Port s00_axi_arprot[2] in module enhancedPwm_v1_0 is either unconnected or has no load
WARNING: [Synth 8-7129] Port s00_axi_arprot[1] in module enhancedPwm_v1_0 is either unconnected or has no load
WARNING: [Synth 8-7129] Port s00_axi_arprot[0] in module enhancedPwm_v1_0 is either unconnected or has no load
---------------------------------------------------------------------------------
Finished Cross Boundary and Area Optimization : Time (s): cpu = 00:00:11 ; elapsed = 00:00:12 . Memory (MB): peak = 1192.973 ; gain = 707.703
---------------------------------------------------------------------------------
No constraint files found.
---------------------------------------------------------------------------------
Start Timing Optimization
---------------------------------------------------------------------------------
---------------------------------------------------------------------------------
Finished Timing Optimization : Time (s): cpu = 00:00:11 ; elapsed = 00:00:12 . Memory (MB): peak = 1192.973 ; gain = 707.703
---------------------------------------------------------------------------------
---------------------------------------------------------------------------------
Start Technology Mapping
---------------------------------------------------------------------------------
---------------------------------------------------------------------------------
Finished Technology Mapping : Time (s): cpu = 00:00:11 ; elapsed = 00:00:12 . Memory (MB): peak = 1192.973 ; gain = 707.703
---------------------------------------------------------------------------------
---------------------------------------------------------------------------------
Start IO Insertion
---------------------------------------------------------------------------------
---------------------------------------------------------------------------------
Start Flattening Before IO Insertion
---------------------------------------------------------------------------------
---------------------------------------------------------------------------------
Finished Flattening Before IO Insertion
---------------------------------------------------------------------------------
---------------------------------------------------------------------------------
Start Final Netlist Cleanup
---------------------------------------------------------------------------------
---------------------------------------------------------------------------------
Finished Final Netlist Cleanup
---------------------------------------------------------------------------------
---------------------------------------------------------------------------------
Finished IO Insertion : Time (s): cpu = 00:00:15 ; elapsed = 00:00:16 . Memory (MB): peak = 1192.973 ; gain = 707.703
---------------------------------------------------------------------------------
---------------------------------------------------------------------------------
Start Renaming Generated Instances
---------------------------------------------------------------------------------
---------------------------------------------------------------------------------
Finished Renaming Generated Instances : Time (s): cpu = 00:00:15 ; elapsed = 00:00:16 . Memory (MB): peak = 1192.973 ; gain = 707.703
---------------------------------------------------------------------------------
---------------------------------------------------------------------------------
Start Rebuilding User Hierarchy
---------------------------------------------------------------------------------
---------------------------------------------------------------------------------
Finished Rebuilding User Hierarchy : Time (s): cpu = 00:00:15 ; elapsed = 00:00:16 . Memory (MB): peak = 1192.973 ; gain = 707.703
---------------------------------------------------------------------------------
---------------------------------------------------------------------------------
Start Renaming Generated Ports
---------------------------------------------------------------------------------
---------------------------------------------------------------------------------
Finished Renaming Generated Ports : Time (s): cpu = 00:00:15 ; elapsed = 00:00:16 . Memory (MB): peak = 1192.973 ; gain = 707.703
---------------------------------------------------------------------------------
---------------------------------------------------------------------------------
Start Handling Custom Attributes
---------------------------------------------------------------------------------
---------------------------------------------------------------------------------
Finished Handling Custom Attributes : Time (s): cpu = 00:00:15 ; elapsed = 00:00:16 . Memory (MB): peak = 1192.973 ; gain = 707.703
---------------------------------------------------------------------------------
---------------------------------------------------------------------------------
Start Renaming Generated Nets
---------------------------------------------------------------------------------
---------------------------------------------------------------------------------
Finished Renaming Generated Nets : Time (s): cpu = 00:00:15 ; elapsed = 00:00:16 . Memory (MB): peak = 1192.973 ; gain = 707.703
---------------------------------------------------------------------------------
---------------------------------------------------------------------------------
Start Writing Synthesis Report
---------------------------------------------------------------------------------

Report BlackBoxes: 
+-+--------------+----------+
| |BlackBox name |Instances |
+-+--------------+----------+
+-+--------------+----------+

Report Cell Usage: 
+------+-------+------+
|      |Cell   |Count |
+------+-------+------+
|1     |BUFG   |     1|
|2     |CARRY4 |     2|
|3     |LUT1   |     3|
|4     |LUT2   |     2|
|5     |LUT3   |     3|
|6     |LUT4   |    27|
|7     |LUT5   |    35|
|8     |LUT6   |     3|
|9     |FDRE   |   153|
|10    |FDSE   |     3|
|11    |IBUF   |    48|
|12    |OBUF   |    43|
+------+-------+------+

Report Instance Areas: 
+------+--------------------------------+-------------------------+------+
|      |Instance                        |Module                   |Cells |
+------+--------------------------------+-------------------------+------+
|1     |top                             |                         |   323|
|2     |  enhancedPwm_v1_0_S00_AXI_inst |enhancedPwm_v1_0_S00_AXI |   231|
|3     |    epwm                        |enhancedPwm              |    41|
|4     |      dutycycleCompare          |genericCompare           |     2|
|5     |      dutycycleCounter          |genericCounter           |    23|
|6     |      dutycycleRegister         |genericRegister          |    15|
+------+--------------------------------+-------------------------+------+
---------------------------------------------------------------------------------
Finished Writing Synthesis Report : Time (s): cpu = 00:00:15 ; elapsed = 00:00:16 . Memory (MB): peak = 1192.973 ; gain = 707.703
---------------------------------------------------------------------------------
Synthesis finished with 0 errors, 0 critical warnings and 23 warnings.
Synthesis Optimization Runtime : Time (s): cpu = 00:00:15 ; elapsed = 00:00:16 . Memory (MB): peak = 1192.973 ; gain = 707.703
Synthesis Optimization Complete : Time (s): cpu = 00:00:15 ; elapsed = 00:00:16 . Memory (MB): peak = 1192.973 ; gain = 707.703
INFO: [Project 1-571] Translating synthesized netlist
Netlist sorting complete. Time (s): cpu = 00:00:00 ; elapsed = 00:00:00.004 . Memory (MB): peak = 1199.777 ; gain = 0.000
INFO: [Netlist 29-17] Analyzing 2 Unisim elements for replacement
INFO: [Netlist 29-28] Unisim Transformation completed in 0 CPU seconds
INFO: [Project 1-570] Preparing netlist for logic optimization
INFO: [Opt 31-138] Pushed 0 inverter(s) to 0 load pin(s).
Netlist sorting complete. Time (s): cpu = 00:00:00 ; elapsed = 00:00:00 . Memory (MB): peak = 1300.422 ; gain = 0.000
INFO: [Project 1-111] Unisim Transformation Summary:
No Unisim elements were transformed.

Synth Design complete | Checksum: cbba4871
INFO: [Common 17-83] Releasing license: Synthesis
37 Infos, 24 Warnings, 0 Critical Warnings and 0 Errors encountered.
synth_design completed successfully
synth_design: Time (s): cpu = 00:00:17 ; elapsed = 00:00:17 . Memory (MB): peak = 1300.422 ; gain = 819.172
INFO: [Common 17-1381] The checkpoint 'c:/Users/JackPaul/OneDrive/Documents/Programs/Projects/eeng498/functiongenerator-lab5/arminterface-enhancedpwm-lab5.tmp/epwm_v1_0_project/epwm_v1_0_project.runs/synth_1/enhancedPwm_v1_0.dcp' has been generated.
INFO: [runtcl-4] Executing : report_utilization -file enhancedPwm_v1_0_utilization_synth.rpt -pb enhancedPwm_v1_0_utilization_synth.pb
INFO: [Common 17-206] Exiting Vivado at Thu Nov 30 21:48:24 2023...
