Copyright 1986-2022 Xilinx, Inc. All Rights Reserved. Copyright 2022-2023 Advanced Micro Devices, Inc. All Rights Reserved.
---------------------------------------------------------------------------------------------------------------------------------------------
| Tool Version : Vivado v.2023.1 (win64) Build 3865809 Sun May  7 15:05:29 MDT 2023
| Date         : Thu Nov 30 21:48:55 2023
| Host         : ASUSComputer running 64-bit major release  (build 9200)
| Command      : report_drc -file enhancedPwm_v1_0_drc_opted.rpt -pb enhancedPwm_v1_0_drc_opted.pb -rpx enhancedPwm_v1_0_drc_opted.rpx
| Design       : enhancedPwm_v1_0
| Device       : xc7z010clg400-1
| Speed File   : -1
| Design State : Synthesized
---------------------------------------------------------------------------------------------------------------------------------------------

Report DRC

Table of Contents
-----------------
1. REPORT SUMMARY
2. REPORT DETAILS

1. REPORT SUMMARY
-----------------
            Netlist: netlist
          Floorplan: design_1
      Design limits: <entire design considered>
           Ruledeck: default
             Max violations: <unlimited>
             Violations found: 3
+--------+------------------+----------------------------+------------+
| Rule   | Severity         | Description                | Violations |
+--------+------------------+----------------------------+------------+
| NSTD-1 | Critical Warning | Unspecified I/O Standard   | 1          |
| UCIO-1 | Critical Warning | Unconstrained Logical Port | 1          |
| ZPS7-1 | Warning          | PS7 block required         | 1          |
+--------+------------------+----------------------------+------------+

2. REPORT DETAILS
-----------------
NSTD-1#1 Critical Warning
Unspecified I/O Standard  
91 out of 91 logical ports use I/O standard (IOSTANDARD) value 'DEFAULT', instead of a user assigned specific value. This may cause I/O contention or incompatibility with the board power or connectivity affecting performance, signal integrity or in extreme cases cause damage to the device or the components to which it is connected. To correct this violation, specify all I/O standards. This design will fail to generate a bitstream unless all logical ports have a user specified I/O standard value defined. To allow bitstream creation with unspecified I/O standard values (not recommended), use this command: set_property SEVERITY {Warning} [get_drc_checks NSTD-1].  NOTE: When using the Vivado Runs infrastructure (e.g. launch_runs Tcl command), add this command to a .tcl file and add that file as a pre-hook for write_bitstream step for the implementation run. Problem ports: enb_ext, pwmSignal_ext, rollOver_ext, s00_axi_aclk, s00_axi_araddr[2],
s00_axi_araddr[3], s00_axi_aresetn, s00_axi_arready, s00_axi_awaddr[2],
s00_axi_awaddr[3], s00_axi_bresp[1:0], s00_axi_rdata[31:0],
s00_axi_rresp[1:0], s00_axi_wdata[31:0], s00_axi_wstrb[3:0]
 (the first 15 of 24 listed).
Related violations: <none>

UCIO-1#1 Critical Warning
Unconstrained Logical Port  
91 out of 91 logical ports have no user assigned specific location constraint (LOC). This may cause I/O contention or incompatibility with the board power or connectivity affecting performance, signal integrity or in extreme cases cause damage to the device or the components to which it is connected. To correct this violation, specify all pin locations. This design will fail to generate a bitstream unless all logical ports have a user specified site LOC constraint defined.  To allow bitstream creation with unspecified pin locations (not recommended), use this command: set_property SEVERITY {Warning} [get_drc_checks UCIO-1].  NOTE: When using the Vivado Runs infrastructure (e.g. launch_runs Tcl command), add this command to a .tcl file and add that file as a pre-hook for write_bitstream step for the implementation run.  Problem ports: enb_ext, pwmSignal_ext, rollOver_ext, s00_axi_aclk, s00_axi_araddr[2],
s00_axi_araddr[3], s00_axi_aresetn, s00_axi_arready, s00_axi_awaddr[2],
s00_axi_awaddr[3], s00_axi_bresp[1:0], s00_axi_rdata[31:0],
s00_axi_rresp[1:0], s00_axi_wdata[31:0], s00_axi_wstrb[3:0]
 (the first 15 of 24 listed).
Related violations: <none>

ZPS7-1#1 Warning
PS7 block required  
The PS7 cell must be used in this Zynq design in order to enable correct default configuration.
Related violations: <none>


