Copyright 1986-2022 Xilinx, Inc. All Rights Reserved. Copyright 2022-2023 Advanced Micro Devices, Inc. All Rights Reserved.
---------------------------------------------------------------------------------------------------------------------------------------------
| Tool Version : Vivado v.2023.1 (win64) Build 3865809 Sun May  7 15:05:29 MDT 2023
| Date         : Tue Nov 14 19:28:10 2023
| Host         : ASUSComputer running 64-bit major release  (build 9200)
| Command      : upgrade_ip
| Device       : xc7z010clg400-1
---------------------------------------------------------------------------------------------------------------------------------------------

Upgrade Log for IP 'zyncenhancedpwm_enhancedPwm_0_0'

1. Summary
----------

SUCCESS in the upgrade of zyncenhancedpwm_enhancedPwm_0_0 (xilinx.com:user:enhancedPwm:1.0) from (Rev. 2) to (Rev. 6)






Copyright 1986-2022 Xilinx, Inc. All Rights Reserved. Copyright 2022-2023 Advanced Micro Devices, Inc. All Rights Reserved.
---------------------------------------------------------------------------------------------------------------------------------------------
| Tool Version : Vivado v.2023.1 (win64) Build 3865809 Sun May  7 15:05:29 MDT 2023
| Date         : Tue Nov 14 19:28:10 2023
| Host         : ASUSComputer running 64-bit major release  (build 9200)
| Command      : upgrade_ip
| Device       : xc7z010clg400-1
---------------------------------------------------------------------------------------------------------------------------------------------

Upgrade Log for IP 'enhancedPwm_0'

1. Summary
----------

SUCCESS in the upgrade of enhancedPwm_0 (xilinx.com:user:enhancedPwm:1.0) from (Rev. 2) to (Rev. 6)

