#-----------------------------------------------------------
# Vivado v2023.1 (64-bit)
# SW Build 3865809 on Sun May  7 15:05:29 MDT 2023
# IP Build 3864474 on Sun May  7 20:36:21 MDT 2023
# SharedData Build 3865790 on Sun May 07 13:33:03 MDT 2023
# Start of session at: Wed Nov 29 18:55:43 2023
# Process ID: 40452
# Current directory: C:/Users/JackPaul/OneDrive/Documents/Programs/Projects/eeng498/functiongenerator-lab5
# Command line: vivado.exe -gui_launcher_event rodinguilauncherevent42232 C:\Users\JackPaul\OneDrive\Documents\Programs\Projects\eeng498\functiongenerator-lab5\arminterface-enhancedpwm-lab5.xpr
# Log file: C:/Users/JackPaul/OneDrive/Documents/Programs/Projects/eeng498/functiongenerator-lab5/vivado.log
# Journal file: C:/Users/JackPaul/OneDrive/Documents/Programs/Projects/eeng498/functiongenerator-lab5\vivado.jou
# Running On: ASUSComputer, OS: Windows, CPU Frequency: 3194 MHz, CPU Physical cores: 16, Host memory: 16541 MB
#-----------------------------------------------------------
start_gui
open_project C:/Users/JackPaul/OneDrive/Documents/Programs/Projects/eeng498/functiongenerator-lab5/arminterface-enhancedpwm-lab5.xpr
INFO: [ProjectBase 1-489] The host OS only allows 260 characters in a normal path. The project is stored in a path with more than 80 characters. If you experience issues with IP, Block Designs, or files not being found, please consider moving the project to a location with a shorter path. Alternately consider using the OS subst command to map part of the path to a drive letter.
Current project path is 'C:/Users/JackPaul/OneDrive/Documents/Programs/Projects/eeng498/functiongenerator-lab5'
WARNING: [Board 49-26] cannot add Board Part xilinx.com:kcu105:part0:1.6 available at C:/Xilinx/Vivado/2023.1/data/xhub/boards/XilinxBoardStore/boards/Xilinx/kcu105/1.6/board.xml as part xcku040-ffva1156-2-e specified in board_part file is either invalid or not available
WARNING: [Board 49-26] cannot add Board Part xilinx.com:kcu105:part0:1.7 available at C:/Xilinx/Vivado/2023.1/data/xhub/boards/XilinxBoardStore/boards/Xilinx/kcu105/1.7/board.xml as part xcku040-ffva1156-2-e specified in board_part file is either invalid or not available
WARNING: [Board 49-26] cannot add Board Part xilinx.com:kcu116:part0:1.4 available at C:/Xilinx/Vivado/2023.1/data/xhub/boards/XilinxBoardStore/boards/Xilinx/kcu116/1.4/board.xml as part xcku5p-ffvb676-2-e specified in board_part file is either invalid or not available
WARNING: [Board 49-26] cannot add Board Part xilinx.com:kcu116:part0:1.5 available at C:/Xilinx/Vivado/2023.1/data/xhub/boards/XilinxBoardStore/boards/Xilinx/kcu116/1.5/board.xml as part xcku5p-ffvb676-2-e specified in board_part file is either invalid or not available
WARNING: [Board 49-26] cannot add Board Part xilinx.com:kcu1500:part0:1.2 available at C:/Xilinx/Vivado/2023.1/data/xhub/boards/XilinxBoardStore/boards/Xilinx/kcu1500/1.2/board.xml as part xcku115-flvb2104-2-e specified in board_part file is either invalid or not available
WARNING: [Board 49-26] cannot add Board Part xilinx.com:vck190:part0:2.2 available at C:/Xilinx/Vivado/2023.1/data/xhub/boards/XilinxBoardStore/boards/Xilinx/vck190/production/2.2/board.xml as part xcvc1902-vsva2197-2mp-e-s specified in board_part file is either invalid or not available
WARNING: [Board 49-26] cannot add Board Part xilinx.com:vck190:part0:3.0 available at C:/Xilinx/Vivado/2023.1/data/xhub/boards/XilinxBoardStore/boards/Xilinx/vck190/production/3.0/board.xml as part xcvc1902-vsva2197-2mp-e-s specified in board_part file is either invalid or not available
WARNING: [Board 49-26] cannot add Board Part xilinx.com:vck190:part0:3.1 available at C:/Xilinx/Vivado/2023.1/data/xhub/boards/XilinxBoardStore/boards/Xilinx/vck190/production/3.1/board.xml as part xcvc1902-vsva2197-2mp-e-s specified in board_part file is either invalid or not available
WARNING: [Board 49-26] cannot add Board Part xilinx.com:vck190:part0:3.2 available at C:/Xilinx/Vivado/2023.1/data/xhub/boards/XilinxBoardStore/boards/Xilinx/vck190/production/3.2/board.xml as part xcvc1902-vsva2197-2mp-e-s specified in board_part file is either invalid or not available
WARNING: [Board 49-26] cannot add Board Part xilinx.com:vck190_newl:part0:1.0 available at C:/Xilinx/Vivado/2023.1/data/xhub/boards/XilinxBoardStore/boards/Xilinx/vck190_newl/production/1.0/board.xml as part xcvc1902-vsva2197-2mp-e-s specified in board_part file is either invalid or not available
WARNING: [Board 49-26] cannot add Board Part xilinx.com:vck190_newl:part0:1.1 available at C:/Xilinx/Vivado/2023.1/data/xhub/boards/XilinxBoardStore/boards/Xilinx/vck190_newl/production/1.1/board.xml as part xcvc1902-vsva2197-2mp-e-s specified in board_part file is either invalid or not available
WARNING: [Board 49-26] cannot add Board Part xilinx.com:vcu108:part0:1.6 available at C:/Xilinx/Vivado/2023.1/data/xhub/boards/XilinxBoardStore/boards/Xilinx/vcu108/1.6/board.xml as part xcvu095-ffva2104-2-e specified in board_part file is either invalid or not available
WARNING: [Board 49-26] cannot add Board Part xilinx.com:vcu108:part0:1.7 available at C:/Xilinx/Vivado/2023.1/data/xhub/boards/XilinxBoardStore/boards/Xilinx/vcu108/1.7/board.xml as part xcvu095-ffva2104-2-e specified in board_part file is either invalid or not available
WARNING: [Board 49-26] cannot add Board Part xilinx.com:vcu110:part0:1.4 available at C:/Xilinx/Vivado/2023.1/data/xhub/boards/XilinxBoardStore/boards/Xilinx/vcu110/1.4/board.xml as part xcvu190-flgc2104-2-e specified in board_part file is either invalid or not available
WARNING: [Board 49-26] cannot add Board Part xilinx.com:vcu118:part0:2.0 available at C:/Xilinx/Vivado/2023.1/data/xhub/boards/XilinxBoardStore/boards/Xilinx/vcu118/2.0/board.xml as part xcvu9p-flga2104-2l-e specified in board_part file is either invalid or not available
WARNING: [Board 49-26] cannot add Board Part xilinx.com:vcu118:part0:2.3 available at C:/Xilinx/Vivado/2023.1/data/xhub/boards/XilinxBoardStore/boards/Xilinx/vcu118/2.3/board.xml as part xcvu9p-flga2104-2l-e specified in board_part file is either invalid or not available
WARNING: [Board 49-26] cannot add Board Part xilinx.com:vcu118:part0:2.4 available at C:/Xilinx/Vivado/2023.1/data/xhub/boards/XilinxBoardStore/boards/Xilinx/vcu118/2.4/board.xml as part xcvu9p-flga2104-2l-e specified in board_part file is either invalid or not available
WARNING: [Board 49-26] cannot add Board Part xilinx.com:vcu128:part0:1.0 available at C:/Xilinx/Vivado/2023.1/data/xhub/boards/XilinxBoardStore/boards/Xilinx/vcu128/production/1.0/board.xml as part xcvu37p-fsvh2892-2l-e specified in board_part file is either invalid or not available
WARNING: [Board 49-26] cannot add Board Part xilinx.com:vcu129:part0:1.0 available at C:/Xilinx/Vivado/2023.1/data/xhub/boards/XilinxBoardStore/boards/Xilinx/vcu129/production/1.0/board.xml as part xcvu29p-fsga2577-2l-e specified in board_part file is either invalid or not available
WARNING: [Board 49-26] cannot add Board Part xilinx.com:vcu1525:part0:1.3 available at C:/Xilinx/Vivado/2023.1/data/xhub/boards/XilinxBoardStore/boards/Xilinx/vcu1525/1.3/board.xml as part xcvu9p-fsgd2104-2l-e specified in board_part file is either invalid or not available
WARNING: [Board 49-26] cannot add Board Part xilinx.com:vek280_es:part0:1.0 available at C:/Xilinx/Vivado/2023.1/data/xhub/boards/XilinxBoardStore/boards/Xilinx/vek280/es/rev_a/1.0/board.xml as part xcve2802-vsvh1760-2lp-e-s-es1 specified in board_part file is either invalid or not available
WARNING: [Board 49-26] cannot add Board Part xilinx.com:vek280_es:part0:1.1 available at C:/Xilinx/Vivado/2023.1/data/xhub/boards/XilinxBoardStore/boards/Xilinx/vek280/es/rev_a/1.1/board.xml as part xcve2802-vsvh1760-2lp-e-s-es1 specified in board_part file is either invalid or not available
WARNING: [Board 49-26] cannot add Board Part xilinx.com:vek280_es_revb:part0:1.0 available at C:/Xilinx/Vivado/2023.1/data/xhub/boards/XilinxBoardStore/boards/Xilinx/vek280/es/rev_b/1.0/board.xml as part xcve2802-vsvh1760-2mp-e-s-es1 specified in board_part file is either invalid or not available
WARNING: [Board 49-26] cannot add Board Part xilinx.com:vek280_es_revb:part0:1.1 available at C:/Xilinx/Vivado/2023.1/data/xhub/boards/XilinxBoardStore/boards/Xilinx/vek280/es/rev_b/1.1/board.xml as part xcve2802-vsvh1760-2mp-e-s-es1 specified in board_part file is either invalid or not available
WARNING: [Board 49-26] cannot add Board Part xilinx.com:vhk158:part0:1.0 available at C:/Xilinx/Vivado/2023.1/data/xhub/boards/XilinxBoardStore/boards/Xilinx/vhk158/production/1.0/board.xml as part xcvh1582-vsva3697-2mp-e-s specified in board_part file is either invalid or not available
WARNING: [Board 49-26] cannot add Board Part xilinx.com:vhk158_es:part0:1.0 available at C:/Xilinx/Vivado/2023.1/data/xhub/boards/XilinxBoardStore/boards/Xilinx/vhk158/es/1.0/board.xml as part xcvh1582-vsva3697-2mp-e-s-es1 specified in board_part file is either invalid or not available
WARNING: [Board 49-26] cannot add Board Part xilinx.com:vhk158_es:part0:1.1 available at C:/Xilinx/Vivado/2023.1/data/xhub/boards/XilinxBoardStore/boards/Xilinx/vhk158/es/1.1/board.xml as part xcvh1582-vsva3697-2mp-e-s-es1 specified in board_part file is either invalid or not available
WARNING: [Board 49-26] cannot add Board Part xilinx.com:vmk180:part0:2.2 available at C:/Xilinx/Vivado/2023.1/data/xhub/boards/XilinxBoardStore/boards/Xilinx/vmk180/production/2.2/board.xml as part xcvm1802-vsva2197-2mp-e-s specified in board_part file is either invalid or not available
WARNING: [Board 49-26] cannot add Board Part xilinx.com:vmk180:part0:3.0 available at C:/Xilinx/Vivado/2023.1/data/xhub/boards/XilinxBoardStore/boards/Xilinx/vmk180/production/3.0/board.xml as part xcvm1802-vsva2197-2mp-e-s specified in board_part file is either invalid or not available
WARNING: [Board 49-26] cannot add Board Part xilinx.com:vmk180:part0:3.1 available at C:/Xilinx/Vivado/2023.1/data/xhub/boards/XilinxBoardStore/boards/Xilinx/vmk180/production/3.1/board.xml as part xcvm1802-vsva2197-2mp-e-s specified in board_part file is either invalid or not available
WARNING: [Board 49-26] cannot add Board Part xilinx.com:vmk180:part0:3.2 available at C:/Xilinx/Vivado/2023.1/data/xhub/boards/XilinxBoardStore/boards/Xilinx/vmk180/production/3.2/board.xml as part xcvm1802-vsva2197-2mp-e-s specified in board_part file is either invalid or not available
WARNING: [Board 49-26] cannot add Board Part xilinx.com:vmk180_newl:part0:1.0 available at C:/Xilinx/Vivado/2023.1/data/xhub/boards/XilinxBoardStore/boards/Xilinx/vmk180_newl/production/1.0/board.xml as part xcvm1802-vsva2197-2mp-e-s specified in board_part file is either invalid or not available
WARNING: [Board 49-26] cannot add Board Part xilinx.com:vmk180_newl:part0:1.1 available at C:/Xilinx/Vivado/2023.1/data/xhub/boards/XilinxBoardStore/boards/Xilinx/vmk180_newl/production/1.1/board.xml as part xcvm1802-vsva2197-2mp-e-s specified in board_part file is either invalid or not available
WARNING: [Board 49-26] cannot add Board Part xilinx.com:vpk120:part0:1.0 available at C:/Xilinx/Vivado/2023.1/data/xhub/boards/XilinxBoardStore/boards/Xilinx/vpk120/production/1.0/board.xml as part xcvp1202-vsva2785-2mp-e-s specified in board_part file is either invalid or not available
WARNING: [Board 49-26] cannot add Board Part xilinx.com:vpk120:part0:1.1 available at C:/Xilinx/Vivado/2023.1/data/xhub/boards/XilinxBoardStore/boards/Xilinx/vpk120/production/1.1/board.xml as part xcvp1202-vsva2785-2mp-e-s specified in board_part file is either invalid or not available
WARNING: [Board 49-26] cannot add Board Part xilinx.com:vpk120_es:part0:1.2 available at C:/Xilinx/Vivado/2023.1/data/xhub/boards/XilinxBoardStore/boards/Xilinx/vpk120/es/1.2/board.xml as part xcvp1202-vsva2785-2mp-e-s-es1 specified in board_part file is either invalid or not available
WARNING: [Board 49-26] cannot add Board Part xilinx.com:vpk120_es:part0:1.3 available at C:/Xilinx/Vivado/2023.1/data/xhub/boards/XilinxBoardStore/boards/Xilinx/vpk120/es/1.3/board.xml as part xcvp1202-vsva2785-2mp-e-s-es1 specified in board_part file is either invalid or not available
WARNING: [Board 49-26] cannot add Board Part xilinx.com:vpk120_es_revb:part0:1.0 available at C:/Xilinx/Vivado/2023.1/data/xhub/boards/XilinxBoardStore/boards/Xilinx/vpk120_revb/es/1.0/board.xml as part xcvp1202-vsva2785-2mp-e-s-es1 specified in board_part file is either invalid or not available
WARNING: [Board 49-26] cannot add Board Part xilinx.com:vpk120_es_revb:part0:1.1 available at C:/Xilinx/Vivado/2023.1/data/xhub/boards/XilinxBoardStore/boards/Xilinx/vpk120_revb/es/1.1/board.xml as part xcvp1202-vsva2785-2mp-e-s-es1 specified in board_part file is either invalid or not available
WARNING: [Board 49-26] cannot add Board Part xilinx.com:vpk180:part0:1.0 available at C:/Xilinx/Vivado/2023.1/data/xhub/boards/XilinxBoardStore/boards/Xilinx/vpk180/production/1.0/board.xml as part xcvp1802-lsvc4072-2mp-e-s specified in board_part file is either invalid or not available
WARNING: [Board 49-26] cannot add Board Part xilinx.com:vpk180:part0:1.1 available at C:/Xilinx/Vivado/2023.1/data/xhub/boards/XilinxBoardStore/boards/Xilinx/vpk180/production/1.1/board.xml as part xcvp1802-lsvc4072-2mp-e-s specified in board_part file is either invalid or not available
WARNING: [Board 49-26] cannot add Board Part xilinx.com:vpk180_es:part0:1.0 available at C:/Xilinx/Vivado/2023.1/data/xhub/boards/XilinxBoardStore/boards/Xilinx/vpk180/es/1.0/board.xml as part xcvp1802-lsvc4072-2mp-e-s-es1 specified in board_part file is either invalid or not available
WARNING: [Board 49-26] cannot add Board Part xilinx.com:vpk180_es:part0:1.1 available at C:/Xilinx/Vivado/2023.1/data/xhub/boards/XilinxBoardStore/boards/Xilinx/vpk180/es/1.1/board.xml as part xcvp1802-lsvc4072-2mp-e-s-es1 specified in board_part file is either invalid or not available
WARNING: [Board 49-26] cannot add Board Part xilinx.com:zcu208ld:part0:2.0 available at C:/Xilinx/Vivado/2023.1/data/xhub/boards/XilinxBoardStore/boards/Xilinx/zcu208ld/production/2.0/board.xml as part xczu58dr-fsvg1517-2-i specified in board_part file is either invalid or not available
WARNING: [Board 49-26] cannot add Board Part xilinx.com:zcu216ld:part0:2.0 available at C:/Xilinx/Vivado/2023.1/data/xhub/boards/XilinxBoardStore/boards/Xilinx/zcu216ld/production/2.0/board.xml as part xczu59dr-ffvf1760-2-i specified in board_part file is either invalid or not available
WARNING: [Board 49-26] cannot add Board Part xilinx.com:zcu670:part0:2.0 available at C:/Xilinx/Vivado/2023.1/data/xhub/boards/XilinxBoardStore/boards/Xilinx/zcu670/2.0/board.xml as part xczu67dr-fsve1156-2-i specified in board_part file is either invalid or not available
WARNING: [Board 49-26] cannot add Board Part xilinx.com:zcu670ld:part0:1.0 available at C:/Xilinx/Vivado/2023.1/data/xhub/boards/XilinxBoardStore/boards/Xilinx/zcu670ld/1.0/board.xml as part xczu57dr-fsve1156-2-i specified in board_part file is either invalid or not available
INFO: [Project 1-313] Project file moved from 'C:/Users/JackPaul/OneDrive/Documents/Programs/Projects/eeng498/arminterface-enhancedpwm-lab5' since last save.
Scanning sources...
Finished scanning sources
INFO: [IP_Flow 19-234] Refreshing IP repositories
INFO: [IP_Flow 19-1700] Loaded user IP repository 'c:/Users/JackPaul/OneDrive/Documents/Programs/Projects/eeng498/ip_repo'.
INFO: [IP_Flow 19-2313] Loaded Vivado IP repository 'C:/Xilinx/Vivado/2023.1/data/ip'.
open_project: Time (s): cpu = 00:00:30 ; elapsed = 00:00:13 . Memory (MB): peak = 1544.266 ; gain = 389.410
update_compile_order -fileset sources_1
create_ip -name enhancedPwm -vendor xilinx.com -library user -version 1.0 -module_name enhancedPwm_0
generate_target {instantiation_template} [get_files c:/Users/JackPaul/OneDrive/Documents/Programs/Projects/eeng498/functiongenerator-lab5/arminterface-enhancedpwm-lab5.srcs/sources_1/ip/enhancedPwm_0_1/enhancedPwm_0.xci]
INFO: [IP_Flow 19-1686] Generating 'Instantiation Template' target for IP 'enhancedPwm_0'...
update_compile_order -fileset sources_1
generate_target all [get_files  c:/Users/JackPaul/OneDrive/Documents/Programs/Projects/eeng498/functiongenerator-lab5/arminterface-enhancedpwm-lab5.srcs/sources_1/ip/enhancedPwm_0_1/enhancedPwm_0.xci]
INFO: [IP_Flow 19-1686] Generating 'Synthesis' target for IP 'enhancedPwm_0'...
CRITICAL WARNING: [IP_Flow 19-663] Failed to copy file 'c:/Users/JackPaul/OneDrive/Documents/Programs/Projects/eeng498/axiinterface-enhancedpwm/basicBuildingBlocksVhdl_package.vhdl', it does not exist.
CRITICAL WARNING: [IP_Flow 19-157] Failed to copy file from 'c:/Users/JackPaul/OneDrive/Documents/Programs/Projects/eeng498/axiinterface-enhancedpwm/basicBuildingBlocksVhdl_package.vhdl' to 'c:/Users/JackPaul/OneDrive/Documents/Programs/Projects/eeng498/functiongenerator-lab5/arminterface-enhancedpwm-lab5.gen/sources_1/axiinterface-enhancedpwm/basicBuildingBlocksVhdl_package.vhdl'.
CRITICAL WARNING: [IP_Flow 19-663] Failed to copy file 'c:/Users/JackPaul/OneDrive/Documents/Programs/Projects/eeng498/axiinterface-enhancedpwm/enhancedPwm.vhdl', it does not exist.
CRITICAL WARNING: [IP_Flow 19-157] Failed to copy file from 'c:/Users/JackPaul/OneDrive/Documents/Programs/Projects/eeng498/axiinterface-enhancedpwm/enhancedPwm.vhdl' to 'c:/Users/JackPaul/OneDrive/Documents/Programs/Projects/eeng498/functiongenerator-lab5/arminterface-enhancedpwm-lab5.gen/sources_1/axiinterface-enhancedpwm/enhancedPwm.vhdl'.
CRITICAL WARNING: [IP_Flow 19-663] Failed to copy file 'c:/Users/JackPaul/OneDrive/Documents/Programs/Projects/eeng498/axiinterface-enhancedpwm/genericComparator.vhdl', it does not exist.
CRITICAL WARNING: [IP_Flow 19-157] Failed to copy file from 'c:/Users/JackPaul/OneDrive/Documents/Programs/Projects/eeng498/axiinterface-enhancedpwm/genericComparator.vhdl' to 'c:/Users/JackPaul/OneDrive/Documents/Programs/Projects/eeng498/functiongenerator-lab5/arminterface-enhancedpwm-lab5.gen/sources_1/axiinterface-enhancedpwm/genericComparator.vhdl'.
CRITICAL WARNING: [IP_Flow 19-663] Failed to copy file 'c:/Users/JackPaul/OneDrive/Documents/Programs/Projects/eeng498/axiinterface-enhancedpwm/genericCounter.vhdl', it does not exist.
CRITICAL WARNING: [IP_Flow 19-157] Failed to copy file from 'c:/Users/JackPaul/OneDrive/Documents/Programs/Projects/eeng498/axiinterface-enhancedpwm/genericCounter.vhdl' to 'c:/Users/JackPaul/OneDrive/Documents/Programs/Projects/eeng498/functiongenerator-lab5/arminterface-enhancedpwm-lab5.gen/sources_1/axiinterface-enhancedpwm/genericCounter.vhdl'.
CRITICAL WARNING: [IP_Flow 19-663] Failed to copy file 'c:/Users/JackPaul/OneDrive/Documents/Programs/Projects/eeng498/axiinterface-enhancedpwm/genericRegister.vhdl', it does not exist.
CRITICAL WARNING: [IP_Flow 19-157] Failed to copy file from 'c:/Users/JackPaul/OneDrive/Documents/Programs/Projects/eeng498/axiinterface-enhancedpwm/genericRegister.vhdl' to 'c:/Users/JackPaul/OneDrive/Documents/Programs/Projects/eeng498/functiongenerator-lab5/arminterface-enhancedpwm-lab5.gen/sources_1/axiinterface-enhancedpwm/genericRegister.vhdl'.
ERROR: [IP_Flow 19-167] Failed to deliver one or more file(s).
ERROR: [IP_Flow 19-3505] IP Generation error: Failed to generate IP 'enhancedPwm_0'. Failed to generate 'VHDL Synthesis' outputs: 
ERROR: [IP_Flow 19-98] Generation of the IP CORE failed.
Failed to generate IP 'enhancedPwm_0'. Failed to generate 'VHDL Synthesis' outputs: 
create_ip -name oscilloscope -vendor xilinx.com -library user -version 1.0 -module_name oscilloscope_0
generate_target {instantiation_template} [get_files c:/Users/JackPaul/OneDrive/Documents/Programs/Projects/eeng498/functiongenerator-lab5/arminterface-enhancedpwm-lab5.srcs/sources_1/ip/oscilloscope_0/oscilloscope_0.xci]
INFO: [IP_Flow 19-1686] Generating 'Instantiation Template' target for IP 'oscilloscope_0'...
generate_target all [get_files  c:/Users/JackPaul/OneDrive/Documents/Programs/Projects/eeng498/functiongenerator-lab5/arminterface-enhancedpwm-lab5.srcs/sources_1/ip/oscilloscope_0/oscilloscope_0.xci]
INFO: [IP_Flow 19-1686] Generating 'Synthesis' target for IP 'oscilloscope_0'...
INFO: [IP_Flow 19-1686] Generating 'Simulation' target for IP 'oscilloscope_0'...
INFO: [IP_Flow 19-1686] Generating 'Software Driver' target for IP 'oscilloscope_0'...
export_ip_user_files -of_objects [get_files c:/Users/JackPaul/OneDrive/Documents/Programs/Projects/eeng498/functiongenerator-lab5/arminterface-enhancedpwm-lab5.srcs/sources_1/ip/oscilloscope_0/oscilloscope_0.xci] -no_script -sync -force -quiet
create_ip_run [get_files -of_objects [get_fileset sources_1] c:/Users/JackPaul/OneDrive/Documents/Programs/Projects/eeng498/functiongenerator-lab5/arminterface-enhancedpwm-lab5.srcs/sources_1/ip/oscilloscope_0/oscilloscope_0.xci]
launch_runs oscilloscope_0_synth_1 -jobs 8
[Wed Nov 29 19:12:05 2023] Launched oscilloscope_0_synth_1...
Run output will be captured here: C:/Users/JackPaul/OneDrive/Documents/Programs/Projects/eeng498/functiongenerator-lab5/arminterface-enhancedpwm-lab5.runs/oscilloscope_0_synth_1/runme.log
export_simulation -of_objects [get_files c:/Users/JackPaul/OneDrive/Documents/Programs/Projects/eeng498/functiongenerator-lab5/arminterface-enhancedpwm-lab5.srcs/sources_1/ip/oscilloscope_0/oscilloscope_0.xci] -directory C:/Users/JackPaul/OneDrive/Documents/Programs/Projects/eeng498/functiongenerator-lab5/arminterface-enhancedpwm-lab5.ip_user_files/sim_scripts -ip_user_files_dir C:/Users/JackPaul/OneDrive/Documents/Programs/Projects/eeng498/functiongenerator-lab5/arminterface-enhancedpwm-lab5.ip_user_files -ipstatic_source_dir C:/Users/JackPaul/OneDrive/Documents/Programs/Projects/eeng498/functiongenerator-lab5/arminterface-enhancedpwm-lab5.ip_user_files/ipstatic -lib_map_path [list {modelsim=C:/Users/JackPaul/OneDrive/Documents/Programs/Projects/eeng498/functiongenerator-lab5/arminterface-enhancedpwm-lab5.cache/compile_simlib/modelsim} {questa=C:/Users/JackPaul/OneDrive/Documents/Programs/Projects/eeng498/functiongenerator-lab5/arminterface-enhancedpwm-lab5.cache/compile_simlib/questa} {riviera=C:/Users/JackPaul/OneDrive/Documents/Programs/Projects/eeng498/functiongenerator-lab5/arminterface-enhancedpwm-lab5.cache/compile_simlib/riviera} {activehdl=C:/Users/JackPaul/OneDrive/Documents/Programs/Projects/eeng498/functiongenerator-lab5/arminterface-enhancedpwm-lab5.cache/compile_simlib/activehdl}] -use_ip_compiled_libs -force -quiet
export_ip_user_files -of_objects  [get_files c:/Users/JackPaul/OneDrive/Documents/Programs/Projects/eeng498/functiongenerator-lab5/arminterface-enhancedpwm-lab5.srcs/sources_1/ip/oscilloscope_0/oscilloscope_0.xci] -no_script -reset -force -quiet
remove_files  -fileset oscilloscope_0 c:/Users/JackPaul/OneDrive/Documents/Programs/Projects/eeng498/functiongenerator-lab5/arminterface-enhancedpwm-lab5.srcs/sources_1/ip/oscilloscope_0/oscilloscope_0.xci
WARNING: [Vivado 12-1017] Problems encountered:
1. Failed to delete one or more files in run directory C:/Users/JackPaul/OneDrive/Documents/Programs/Projects/eeng498/functiongenerator-lab5/arminterface-enhancedpwm-lab5.runs/oscilloscope_0_synth_1

INFO: [Project 1-386] Moving file 'c:/Users/JackPaul/OneDrive/Documents/Programs/Projects/eeng498/functiongenerator-lab5/arminterface-enhancedpwm-lab5.srcs/sources_1/ip/oscilloscope_0/oscilloscope_0.xci' from fileset 'oscilloscope_0' to fileset 'sources_1'.
export_ip_user_files -of_objects  [get_files c:/Users/JackPaul/OneDrive/Documents/Programs/Projects/eeng498/functiongenerator-lab5/arminterface-enhancedpwm-lab5.srcs/sources_1/ip/enhancedPwm_0_1/enhancedPwm_0.xci] -no_script -reset -force -quiet
remove_files  c:/Users/JackPaul/OneDrive/Documents/Programs/Projects/eeng498/functiongenerator-lab5/arminterface-enhancedpwm-lab5.srcs/sources_1/ip/enhancedPwm_0_1/enhancedPwm_0.xci
create_ip -name enhancedPwm -vendor xilinx.com -library user -version 1.0 -module_name enhancedPwm_0
generate_target {instantiation_template} [get_files c:/Users/JackPaul/OneDrive/Documents/Programs/Projects/eeng498/functiongenerator-lab5/arminterface-enhancedpwm-lab5.srcs/sources_1/ip/enhancedPwm_0_2/enhancedPwm_0.xci]
INFO: [IP_Flow 19-1686] Generating 'Instantiation Template' target for IP 'enhancedPwm_0'...
generate_target all [get_files  c:/Users/JackPaul/OneDrive/Documents/Programs/Projects/eeng498/functiongenerator-lab5/arminterface-enhancedpwm-lab5.srcs/sources_1/ip/enhancedPwm_0_2/enhancedPwm_0.xci]
INFO: [IP_Flow 19-1686] Generating 'Synthesis' target for IP 'enhancedPwm_0'...
CRITICAL WARNING: [IP_Flow 19-663] Failed to copy file 'c:/Users/JackPaul/OneDrive/Documents/Programs/Projects/eeng498/axiinterface-enhancedpwm/basicBuildingBlocksVhdl_package.vhdl', it does not exist.
CRITICAL WARNING: [IP_Flow 19-157] Failed to copy file from 'c:/Users/JackPaul/OneDrive/Documents/Programs/Projects/eeng498/axiinterface-enhancedpwm/basicBuildingBlocksVhdl_package.vhdl' to 'c:/Users/JackPaul/OneDrive/Documents/Programs/Projects/eeng498/functiongenerator-lab5/arminterface-enhancedpwm-lab5.gen/sources_1/axiinterface-enhancedpwm/basicBuildingBlocksVhdl_package.vhdl'.
CRITICAL WARNING: [IP_Flow 19-663] Failed to copy file 'c:/Users/JackPaul/OneDrive/Documents/Programs/Projects/eeng498/axiinterface-enhancedpwm/enhancedPwm.vhdl', it does not exist.
CRITICAL WARNING: [IP_Flow 19-157] Failed to copy file from 'c:/Users/JackPaul/OneDrive/Documents/Programs/Projects/eeng498/axiinterface-enhancedpwm/enhancedPwm.vhdl' to 'c:/Users/JackPaul/OneDrive/Documents/Programs/Projects/eeng498/functiongenerator-lab5/arminterface-enhancedpwm-lab5.gen/sources_1/axiinterface-enhancedpwm/enhancedPwm.vhdl'.
CRITICAL WARNING: [IP_Flow 19-663] Failed to copy file 'c:/Users/JackPaul/OneDrive/Documents/Programs/Projects/eeng498/axiinterface-enhancedpwm/genericComparator.vhdl', it does not exist.
CRITICAL WARNING: [IP_Flow 19-157] Failed to copy file from 'c:/Users/JackPaul/OneDrive/Documents/Programs/Projects/eeng498/axiinterface-enhancedpwm/genericComparator.vhdl' to 'c:/Users/JackPaul/OneDrive/Documents/Programs/Projects/eeng498/functiongenerator-lab5/arminterface-enhancedpwm-lab5.gen/sources_1/axiinterface-enhancedpwm/genericComparator.vhdl'.
CRITICAL WARNING: [IP_Flow 19-663] Failed to copy file 'c:/Users/JackPaul/OneDrive/Documents/Programs/Projects/eeng498/axiinterface-enhancedpwm/genericCounter.vhdl', it does not exist.
CRITICAL WARNING: [IP_Flow 19-157] Failed to copy file from 'c:/Users/JackPaul/OneDrive/Documents/Programs/Projects/eeng498/axiinterface-enhancedpwm/genericCounter.vhdl' to 'c:/Users/JackPaul/OneDrive/Documents/Programs/Projects/eeng498/functiongenerator-lab5/arminterface-enhancedpwm-lab5.gen/sources_1/axiinterface-enhancedpwm/genericCounter.vhdl'.
CRITICAL WARNING: [IP_Flow 19-663] Failed to copy file 'c:/Users/JackPaul/OneDrive/Documents/Programs/Projects/eeng498/axiinterface-enhancedpwm/genericRegister.vhdl', it does not exist.
CRITICAL WARNING: [IP_Flow 19-157] Failed to copy file from 'c:/Users/JackPaul/OneDrive/Documents/Programs/Projects/eeng498/axiinterface-enhancedpwm/genericRegister.vhdl' to 'c:/Users/JackPaul/OneDrive/Documents/Programs/Projects/eeng498/functiongenerator-lab5/arminterface-enhancedpwm-lab5.gen/sources_1/axiinterface-enhancedpwm/genericRegister.vhdl'.
ERROR: [IP_Flow 19-167] Failed to deliver one or more file(s).
ERROR: [IP_Flow 19-3505] IP Generation error: Failed to generate IP 'enhancedPwm_0'. Failed to generate 'VHDL Synthesis' outputs: 
ERROR: [IP_Flow 19-98] Generation of the IP CORE failed.
Failed to generate IP 'enhancedPwm_0'. Failed to generate 'VHDL Synthesis' outputs: 
update_compile_order -fileset sources_1
create_ip -name enhancedPwm -vendor xilinx.com -library user -version 1.0 -module_name enhancedPwm_1
generate_target {instantiation_template} [get_files c:/Users/JackPaul/OneDrive/Documents/Programs/Projects/eeng498/functiongenerator-lab5/arminterface-enhancedpwm-lab5.srcs/sources_1/ip/enhancedPwm_1/enhancedPwm_1.xci]
INFO: [IP_Flow 19-1686] Generating 'Instantiation Template' target for IP 'enhancedPwm_1'...
generate_target all [get_files  c:/Users/JackPaul/OneDrive/Documents/Programs/Projects/eeng498/functiongenerator-lab5/arminterface-enhancedpwm-lab5.srcs/sources_1/ip/enhancedPwm_1/enhancedPwm_1.xci]
INFO: [IP_Flow 19-1686] Generating 'Synthesis' target for IP 'enhancedPwm_1'...
INFO: [IP_Flow 19-1686] Generating 'Simulation' target for IP 'enhancedPwm_1'...
INFO: [IP_Flow 19-1686] Generating 'Software Driver' target for IP 'enhancedPwm_1'...
catch { config_ip_cache -export [get_ips -all enhancedPwm_1] }
INFO: [IP_Flow 19-6924] IPCACHE: Running cache check for IP inst: enhancedPwm_1
export_ip_user_files -of_objects [get_files c:/Users/JackPaul/OneDrive/Documents/Programs/Projects/eeng498/functiongenerator-lab5/arminterface-enhancedpwm-lab5.srcs/sources_1/ip/enhancedPwm_1/enhancedPwm_1.xci] -no_script -sync -force -quiet
create_ip_run [get_files -of_objects [get_fileset sources_1] c:/Users/JackPaul/OneDrive/Documents/Programs/Projects/eeng498/functiongenerator-lab5/arminterface-enhancedpwm-lab5.srcs/sources_1/ip/enhancedPwm_1/enhancedPwm_1.xci]
launch_runs enhancedPwm_1_synth_1 -jobs 8
INFO: [IP_Flow 19-6924] IPCACHE: Running cache check for IP inst: enhancedPwm_1
[Wed Nov 29 19:15:40 2023] Launched enhancedPwm_1_synth_1...
Run output will be captured here: C:/Users/JackPaul/OneDrive/Documents/Programs/Projects/eeng498/functiongenerator-lab5/arminterface-enhancedpwm-lab5.runs/enhancedPwm_1_synth_1/runme.log
export_simulation -of_objects [get_files c:/Users/JackPaul/OneDrive/Documents/Programs/Projects/eeng498/functiongenerator-lab5/arminterface-enhancedpwm-lab5.srcs/sources_1/ip/enhancedPwm_1/enhancedPwm_1.xci] -directory C:/Users/JackPaul/OneDrive/Documents/Programs/Projects/eeng498/functiongenerator-lab5/arminterface-enhancedpwm-lab5.ip_user_files/sim_scripts -ip_user_files_dir C:/Users/JackPaul/OneDrive/Documents/Programs/Projects/eeng498/functiongenerator-lab5/arminterface-enhancedpwm-lab5.ip_user_files -ipstatic_source_dir C:/Users/JackPaul/OneDrive/Documents/Programs/Projects/eeng498/functiongenerator-lab5/arminterface-enhancedpwm-lab5.ip_user_files/ipstatic -lib_map_path [list {modelsim=C:/Users/JackPaul/OneDrive/Documents/Programs/Projects/eeng498/functiongenerator-lab5/arminterface-enhancedpwm-lab5.cache/compile_simlib/modelsim} {questa=C:/Users/JackPaul/OneDrive/Documents/Programs/Projects/eeng498/functiongenerator-lab5/arminterface-enhancedpwm-lab5.cache/compile_simlib/questa} {riviera=C:/Users/JackPaul/OneDrive/Documents/Programs/Projects/eeng498/functiongenerator-lab5/arminterface-enhancedpwm-lab5.cache/compile_simlib/riviera} {activehdl=C:/Users/JackPaul/OneDrive/Documents/Programs/Projects/eeng498/functiongenerator-lab5/arminterface-enhancedpwm-lab5.cache/compile_simlib/activehdl}] -use_ip_compiled_libs -force -quiet
export_ip_user_files -of_objects  [get_files c:/Users/JackPaul/OneDrive/Documents/Programs/Projects/eeng498/functiongenerator-lab5/arminterface-enhancedpwm-lab5.srcs/sources_1/ip/enhancedPwm_0_2/enhancedPwm_0.xci] -no_script -reset -force -quiet
remove_files  c:/Users/JackPaul/OneDrive/Documents/Programs/Projects/eeng498/functiongenerator-lab5/arminterface-enhancedpwm-lab5.srcs/sources_1/ip/enhancedPwm_0_2/enhancedPwm_0.xci
export_ip_user_files -of_objects  [get_files c:/Users/JackPaul/OneDrive/Documents/Programs/Projects/eeng498/functiongenerator-lab5/arminterface-enhancedpwm-lab5.srcs/sources_1/ip/enhancedPwm_1/enhancedPwm_1.xci] -no_script -reset -force -quiet
remove_files  -fileset enhancedPwm_1 c:/Users/JackPaul/OneDrive/Documents/Programs/Projects/eeng498/functiongenerator-lab5/arminterface-enhancedpwm-lab5.srcs/sources_1/ip/enhancedPwm_1/enhancedPwm_1.xci
WARNING: [Vivado 12-1017] Problems encountered:
1. Failed to delete one or more files in run directory C:/Users/JackPaul/OneDrive/Documents/Programs/Projects/eeng498/functiongenerator-lab5/arminterface-enhancedpwm-lab5.runs/enhancedPwm_1_synth_1

INFO: [Project 1-386] Moving file 'c:/Users/JackPaul/OneDrive/Documents/Programs/Projects/eeng498/functiongenerator-lab5/arminterface-enhancedpwm-lab5.srcs/sources_1/ip/enhancedPwm_1/enhancedPwm_1.xci' from fileset 'enhancedPwm_1' to fileset 'sources_1'.
set_property  ip_repo_paths  {c:/Users/JackPaul/OneDrive/Documents/Programs/Projects/eeng498/ip_repo C:/Users/JackPaul/OneDrive/Documents/Programs/Projects/eeng498/ip_repo/hdmi_tx_1.0} [current_project]
update_ip_catalog
INFO: [IP_Flow 19-234] Refreshing IP repositories
INFO: [IP_Flow 19-1700] Loaded user IP repository 'c:/Users/JackPaul/OneDrive/Documents/Programs/Projects/eeng498/ip_repo'.
WARNING: [IP_Flow 19-3685] Ignored loading user repository 'c:/Users/JackPaul/OneDrive/Documents/Programs/Projects/eeng498/ip_repo/hdmi_tx_1.0'. The path is contained within another repository.
set_property  ip_repo_paths  c:/Users/JackPaul/OneDrive/Documents/Programs/Projects/eeng498/ip_repo [current_project]
update_ip_catalog
INFO: [IP_Flow 19-234] Refreshing IP repositories
INFO: [IP_Flow 19-1700] Loaded user IP repository 'c:/Users/JackPaul/OneDrive/Documents/Programs/Projects/eeng498/ip_repo'.
exit
INFO: [Common 17-206] Exiting Vivado at Wed Nov 29 19:17:31 2023...
