
*** Running vivado
    with args -log enhancedPwm_1.vds -m64 -product Vivado -mode batch -messageDb vivado.pb -notrace -source enhancedPwm_1.tcl


ECHO is off.
ECHO is off.

****** Vivado v2023.1 (64-bit)
  **** SW Build 3865809 on Sun May  7 15:05:29 MDT 2023
  **** IP Build 3864474 on Sun May  7 20:36:21 MDT 2023
  **** SharedData Build 3865790 on Sun May 07 13:33:03 MDT 2023
    ** Copyright 1986-2022 Xilinx, Inc. All Rights Reserved.
    ** Copyright 2022-2023 Advanced Micro Devices, Inc. All Rights Reserved.

source enhancedPwm_1.tcl -notrace
create_project: Time (s): cpu = 00:00:06 ; elapsed = 00:00:06 . Memory (MB): peak = 455.746 ; gain = 162.441
INFO: [IP_Flow 19-234] Refreshing IP repositories
INFO: [IP_Flow 19-1700] Loaded user IP repository 'c:/Users/JackPaul/OneDrive/Documents/Programs/Projects/eeng498/ip_repo/enhancedPwm_1_0'.
WARNING: [IP_Flow 19-2248] Failed to load user IP repository 'c:/Users/JackPaul/OneDrive/Documents/Programs/Projects/eeng498/ip_repo/myip_1_0'; Can't find the specified path.
If this directory should no longer be in your list of user repositories, go to the IP Settings dialog and remove it.
INFO: [IP_Flow 19-2313] Loaded Vivado IP repository 'C:/Xilinx/Vivado/2023.1/data/ip'.
WARNING: [IP_Flow 19-4995] The host OS only allows 260 characters in a normal path. The IP cache path is more than 80 characters. If you experience issues with IP caching, please consider changing the IP cache to a location with a shorter path. Alternately consider using the OS subst command to map part of the path to a drive letter. 
Current IP cache path is c:/Users/JackPaul/OneDrive/Documents/Programs/Projects/eeng498/axiinterface-enhancedpwm/axiinterface-enhancedpwm.tmp/enhancedpwm_v1_0_project/enhancedPwm_v1_0_project.cache/ip 
INFO: [IP_Flow 19-6924] IPCACHE: Running cache check for IP inst: enhancedPwm_1
Command: synth_design -top enhancedPwm_1 -part xc7z010clg400-1 -incremental_mode off -mode out_of_context
Starting synth_design
Attempting to get a license for feature 'Synthesis' and/or device 'xc7z010'
INFO: [Common 17-349] Got license for feature 'Synthesis' and/or device 'xc7z010'
INFO: [Device 21-403] Loading part xc7z010clg400-1
INFO: [Synth 8-7079] Multithreading enabled for synth_design using a maximum of 2 processes.
INFO: [Synth 8-7078] Launching helper process for spawning children vivado processes
INFO: [Synth 8-7075] Helper process launched with PID 34656
---------------------------------------------------------------------------------
Starting RTL Elaboration : Time (s): cpu = 00:00:05 ; elapsed = 00:00:05 . Memory (MB): peak = 1281.730 ; gain = 410.527
---------------------------------------------------------------------------------
INFO: [Synth 8-638] synthesizing module 'enhancedPwm_1' [c:/Users/JackPaul/OneDrive/Documents/Programs/Projects/eeng498/axiinterface-enhancedpwm/axiinterface-enhancedpwm.tmp/enhancedpwm_v1_0_project/enhancedPwm_v1_0_project.gen/sources_1/ip/enhancedPwm_1/synth/enhancedPwm_1.vhd:85]
	Parameter C_S00_AXI_DATA_WIDTH bound to: 32 - type: integer 
	Parameter C_S00_AXI_ADDR_WIDTH bound to: 4 - type: integer 
INFO: [Synth 8-3491] module 'enhancedPwm_v1_0' declared at 'c:/Users/JackPaul/OneDrive/Documents/Programs/Projects/eeng498/axiinterface-enhancedpwm/axiinterface-enhancedpwm.tmp/enhancedpwm_v1_0_project/enhancedPwm_v1_0_project.gen/sources_1/ip/enhancedPwm_1/hdl/enhancedPwm_v1_0.vhd:5' bound to instance 'U0' of component 'enhancedPwm_v1_0' [c:/Users/JackPaul/OneDrive/Documents/Programs/Projects/eeng498/axiinterface-enhancedpwm/axiinterface-enhancedpwm.tmp/enhancedpwm_v1_0_project/enhancedPwm_v1_0_project.gen/sources_1/ip/enhancedPwm_1/synth/enhancedPwm_1.vhd:154]
INFO: [Synth 8-638] synthesizing module 'enhancedPwm_v1_0' [c:/Users/JackPaul/OneDrive/Documents/Programs/Projects/eeng498/axiinterface-enhancedpwm/axiinterface-enhancedpwm.tmp/enhancedpwm_v1_0_project/enhancedPwm_v1_0_project.gen/sources_1/ip/enhancedPwm_1/hdl/enhancedPwm_v1_0.vhd:51]
	Parameter C_S_AXI_DATA_WIDTH bound to: 32 - type: integer 
	Parameter C_S_AXI_ADDR_WIDTH bound to: 4 - type: integer 
INFO: [Synth 8-3491] module 'enhancedPwm_v1_0_S00_AXI' declared at 'c:/Users/JackPaul/OneDrive/Documents/Programs/Projects/eeng498/axiinterface-enhancedpwm/axiinterface-enhancedpwm.tmp/enhancedpwm_v1_0_project/enhancedPwm_v1_0_project.gen/sources_1/ip/enhancedPwm_1/hdl/enhancedPwm_v1_0_S00_AXI.vhd:5' bound to instance 'enhancedPwm_v1_0_S00_AXI_inst' of component 'enhancedPwm_v1_0_S00_AXI' [c:/Users/JackPaul/OneDrive/Documents/Programs/Projects/eeng498/axiinterface-enhancedpwm/axiinterface-enhancedpwm.tmp/enhancedpwm_v1_0_project/enhancedPwm_v1_0_project.gen/sources_1/ip/enhancedPwm_1/hdl/enhancedPwm_v1_0.vhd:88]
INFO: [Synth 8-638] synthesizing module 'enhancedPwm_v1_0_S00_AXI' [c:/Users/JackPaul/OneDrive/Documents/Programs/Projects/eeng498/axiinterface-enhancedpwm/axiinterface-enhancedpwm.tmp/enhancedpwm_v1_0_project/enhancedPwm_v1_0_project.gen/sources_1/ip/enhancedPwm_1/hdl/enhancedPwm_v1_0_S00_AXI.vhd:88]
INFO: [Synth 8-226] default block is never used [c:/Users/JackPaul/OneDrive/Documents/Programs/Projects/eeng498/axiinterface-enhancedpwm/axiinterface-enhancedpwm.tmp/enhancedpwm_v1_0_project/enhancedPwm_v1_0_project.gen/sources_1/ip/enhancedPwm_1/hdl/enhancedPwm_v1_0_S00_AXI.vhd:234]
INFO: [Synth 8-226] default block is never used [c:/Users/JackPaul/OneDrive/Documents/Programs/Projects/eeng498/axiinterface-enhancedpwm/axiinterface-enhancedpwm.tmp/enhancedpwm_v1_0_project/enhancedPwm_v1_0_project.gen/sources_1/ip/enhancedPwm_1/hdl/enhancedPwm_v1_0_S00_AXI.vhd:364]
INFO: [Synth 8-3491] module 'enhancedPwm' declared at 'c:/Users/JackPaul/OneDrive/Documents/Programs/Projects/eeng498/axiinterface-enhancedpwm/axiinterface-enhancedpwm.tmp/enhancedpwm_v1_0_project/enhancedPwm_v1_0_project.gen/sources_1/axiinterface-enhancedpwm/enhancedPwm.vhdl:10' bound to instance 'epwm' of component 'enhancedPwm' [c:/Users/JackPaul/OneDrive/Documents/Programs/Projects/eeng498/axiinterface-enhancedpwm/axiinterface-enhancedpwm.tmp/enhancedpwm_v1_0_project/enhancedPwm_v1_0_project.gen/sources_1/ip/enhancedPwm_1/hdl/enhancedPwm_v1_0_S00_AXI.vhd:397]
INFO: [Synth 8-638] synthesizing module 'enhancedPwm' [c:/Users/JackPaul/OneDrive/Documents/Programs/Projects/eeng498/axiinterface-enhancedpwm/axiinterface-enhancedpwm.tmp/enhancedpwm_v1_0_project/enhancedPwm_v1_0_project.gen/sources_1/axiinterface-enhancedpwm/enhancedPwm.vhdl:18]
	Parameter N bound to: 8 - type: integer 
INFO: [Synth 8-3491] module 'genericCounter' declared at 'c:/Users/JackPaul/OneDrive/Documents/Programs/Projects/eeng498/axiinterface-enhancedpwm/axiinterface-enhancedpwm.tmp/enhancedpwm_v1_0_project/enhancedPwm_v1_0_project.gen/sources_1/axiinterface-enhancedpwm/genericCounter.vhdl:15' bound to instance 'dutycycleCounter' of component 'genericCounter' [c:/Users/JackPaul/OneDrive/Documents/Programs/Projects/eeng498/axiinterface-enhancedpwm/axiinterface-enhancedpwm.tmp/enhancedpwm_v1_0_project/enhancedPwm_v1_0_project.gen/sources_1/axiinterface-enhancedpwm/enhancedPwm.vhdl:44]
INFO: [Synth 8-638] synthesizing module 'genericCounter' [c:/Users/JackPaul/OneDrive/Documents/Programs/Projects/eeng498/axiinterface-enhancedpwm/axiinterface-enhancedpwm.tmp/enhancedpwm_v1_0_project/enhancedPwm_v1_0_project.gen/sources_1/axiinterface-enhancedpwm/genericCounter.vhdl:23]
INFO: [Synth 8-256] done synthesizing module 'genericCounter' (0#1) [c:/Users/JackPaul/OneDrive/Documents/Programs/Projects/eeng498/axiinterface-enhancedpwm/axiinterface-enhancedpwm.tmp/enhancedpwm_v1_0_project/enhancedPwm_v1_0_project.gen/sources_1/axiinterface-enhancedpwm/genericCounter.vhdl:23]
	Parameter N bound to: 9 - type: integer 
INFO: [Synth 8-3491] module 'genericCompare' declared at 'c:/Users/JackPaul/OneDrive/Documents/Programs/Projects/eeng498/axiinterface-enhancedpwm/axiinterface-enhancedpwm.tmp/enhancedpwm_v1_0_project/enhancedPwm_v1_0_project.gen/sources_1/axiinterface-enhancedpwm/genericComparator.vhdl:10' bound to instance 'dutycycleCompare' of component 'genericCompare' [c:/Users/JackPaul/OneDrive/Documents/Programs/Projects/eeng498/axiinterface-enhancedpwm/axiinterface-enhancedpwm.tmp/enhancedpwm_v1_0_project/enhancedPwm_v1_0_project.gen/sources_1/axiinterface-enhancedpwm/enhancedPwm.vhdl:54]
INFO: [Synth 8-638] synthesizing module 'genericCompare' [c:/Users/JackPaul/OneDrive/Documents/Programs/Projects/eeng498/axiinterface-enhancedpwm/axiinterface-enhancedpwm.tmp/enhancedpwm_v1_0_project/enhancedPwm_v1_0_project.gen/sources_1/axiinterface-enhancedpwm/genericComparator.vhdl:16]
INFO: [Synth 8-256] done synthesizing module 'genericCompare' (0#1) [c:/Users/JackPaul/OneDrive/Documents/Programs/Projects/eeng498/axiinterface-enhancedpwm/axiinterface-enhancedpwm.tmp/enhancedpwm_v1_0_project/enhancedPwm_v1_0_project.gen/sources_1/axiinterface-enhancedpwm/genericComparator.vhdl:16]
	Parameter N bound to: 8 - type: integer 
INFO: [Synth 8-3491] module 'genericCompare' declared at 'c:/Users/JackPaul/OneDrive/Documents/Programs/Projects/eeng498/axiinterface-enhancedpwm/axiinterface-enhancedpwm.tmp/enhancedpwm_v1_0_project/enhancedPwm_v1_0_project.gen/sources_1/axiinterface-enhancedpwm/genericComparator.vhdl:10' bound to instance 'rolloverCompare' of component 'genericCompare' [c:/Users/JackPaul/OneDrive/Documents/Programs/Projects/eeng498/axiinterface-enhancedpwm/axiinterface-enhancedpwm.tmp/enhancedpwm_v1_0_project/enhancedPwm_v1_0_project.gen/sources_1/axiinterface-enhancedpwm/enhancedPwm.vhdl:64]
INFO: [Synth 8-638] synthesizing module 'genericCompare__parameterized1' [c:/Users/JackPaul/OneDrive/Documents/Programs/Projects/eeng498/axiinterface-enhancedpwm/axiinterface-enhancedpwm.tmp/enhancedpwm_v1_0_project/enhancedPwm_v1_0_project.gen/sources_1/axiinterface-enhancedpwm/genericComparator.vhdl:16]
INFO: [Synth 8-256] done synthesizing module 'genericCompare__parameterized1' (0#1) [c:/Users/JackPaul/OneDrive/Documents/Programs/Projects/eeng498/axiinterface-enhancedpwm/axiinterface-enhancedpwm.tmp/enhancedpwm_v1_0_project/enhancedPwm_v1_0_project.gen/sources_1/axiinterface-enhancedpwm/genericComparator.vhdl:16]
	Parameter N bound to: 9 - type: integer 
INFO: [Synth 8-3491] module 'genericRegister' declared at 'c:/Users/JackPaul/OneDrive/Documents/Programs/Projects/eeng498/axiinterface-enhancedpwm/axiinterface-enhancedpwm.tmp/enhancedpwm_v1_0_project/enhancedPwm_v1_0_project.gen/sources_1/axiinterface-enhancedpwm/genericRegister.vhdl:11' bound to instance 'dutycycleRegister' of component 'genericRegister' [c:/Users/JackPaul/OneDrive/Documents/Programs/Projects/eeng498/axiinterface-enhancedpwm/axiinterface-enhancedpwm.tmp/enhancedpwm_v1_0_project/enhancedPwm_v1_0_project.gen/sources_1/axiinterface-enhancedpwm/enhancedPwm.vhdl:74]
INFO: [Synth 8-638] synthesizing module 'genericRegister' [c:/Users/JackPaul/OneDrive/Documents/Programs/Projects/eeng498/axiinterface-enhancedpwm/axiinterface-enhancedpwm.tmp/enhancedpwm_v1_0_project/enhancedPwm_v1_0_project.gen/sources_1/axiinterface-enhancedpwm/genericRegister.vhdl:18]
INFO: [Synth 8-256] done synthesizing module 'genericRegister' (0#1) [c:/Users/JackPaul/OneDrive/Documents/Programs/Projects/eeng498/axiinterface-enhancedpwm/axiinterface-enhancedpwm.tmp/enhancedpwm_v1_0_project/enhancedPwm_v1_0_project.gen/sources_1/axiinterface-enhancedpwm/genericRegister.vhdl:18]
INFO: [Synth 8-256] done synthesizing module 'enhancedPwm' (0#1) [c:/Users/JackPaul/OneDrive/Documents/Programs/Projects/eeng498/axiinterface-enhancedpwm/axiinterface-enhancedpwm.tmp/enhancedpwm_v1_0_project/enhancedPwm_v1_0_project.gen/sources_1/axiinterface-enhancedpwm/enhancedPwm.vhdl:18]
INFO: [Synth 8-256] done synthesizing module 'enhancedPwm_v1_0_S00_AXI' (0#1) [c:/Users/JackPaul/OneDrive/Documents/Programs/Projects/eeng498/axiinterface-enhancedpwm/axiinterface-enhancedpwm.tmp/enhancedpwm_v1_0_project/enhancedPwm_v1_0_project.gen/sources_1/ip/enhancedPwm_1/hdl/enhancedPwm_v1_0_S00_AXI.vhd:88]
INFO: [Synth 8-256] done synthesizing module 'enhancedPwm_v1_0' (0#1) [c:/Users/JackPaul/OneDrive/Documents/Programs/Projects/eeng498/axiinterface-enhancedpwm/axiinterface-enhancedpwm.tmp/enhancedpwm_v1_0_project/enhancedPwm_v1_0_project.gen/sources_1/ip/enhancedPwm_1/hdl/enhancedPwm_v1_0.vhd:51]
INFO: [Synth 8-256] done synthesizing module 'enhancedPwm_1' (0#1) [c:/Users/JackPaul/OneDrive/Documents/Programs/Projects/eeng498/axiinterface-enhancedpwm/axiinterface-enhancedpwm.tmp/enhancedpwm_v1_0_project/enhancedPwm_v1_0_project.gen/sources_1/ip/enhancedPwm_1/synth/enhancedPwm_1.vhd:85]
WARNING: [Synth 8-3848] Net pwmCount in module/entity enhancedPwm does not have driver. [c:/Users/JackPaul/OneDrive/Documents/Programs/Projects/eeng498/axiinterface-enhancedpwm/axiinterface-enhancedpwm.tmp/enhancedpwm_v1_0_project/enhancedPwm_v1_0_project.gen/sources_1/axiinterface-enhancedpwm/enhancedPwm.vhdl:14]
WARNING: [Synth 8-6014] Unused sequential element slv_reg1_reg was removed.  [c:/Users/JackPaul/OneDrive/Documents/Programs/Projects/eeng498/axiinterface-enhancedpwm/axiinterface-enhancedpwm.tmp/enhancedpwm_v1_0_project/enhancedPwm_v1_0_project.gen/sources_1/ip/enhancedPwm_1/hdl/enhancedPwm_v1_0_S00_AXI.vhd:228]
WARNING: [Synth 8-7129] Port pwmCount[7] in module enhancedPwm is either unconnected or has no load
WARNING: [Synth 8-7129] Port pwmCount[6] in module enhancedPwm is either unconnected or has no load
WARNING: [Synth 8-7129] Port pwmCount[5] in module enhancedPwm is either unconnected or has no load
WARNING: [Synth 8-7129] Port pwmCount[4] in module enhancedPwm is either unconnected or has no load
WARNING: [Synth 8-7129] Port pwmCount[3] in module enhancedPwm is either unconnected or has no load
WARNING: [Synth 8-7129] Port pwmCount[2] in module enhancedPwm is either unconnected or has no load
WARNING: [Synth 8-7129] Port pwmCount[1] in module enhancedPwm is either unconnected or has no load
WARNING: [Synth 8-7129] Port pwmCount[0] in module enhancedPwm is either unconnected or has no load
WARNING: [Synth 8-7129] Port S_AXI_AWPROT[2] in module enhancedPwm_v1_0_S00_AXI is either unconnected or has no load
WARNING: [Synth 8-7129] Port S_AXI_AWPROT[1] in module enhancedPwm_v1_0_S00_AXI is either unconnected or has no load
WARNING: [Synth 8-7129] Port S_AXI_AWPROT[0] in module enhancedPwm_v1_0_S00_AXI is either unconnected or has no load
WARNING: [Synth 8-7129] Port S_AXI_ARPROT[2] in module enhancedPwm_v1_0_S00_AXI is either unconnected or has no load
WARNING: [Synth 8-7129] Port S_AXI_ARPROT[1] in module enhancedPwm_v1_0_S00_AXI is either unconnected or has no load
WARNING: [Synth 8-7129] Port S_AXI_ARPROT[0] in module enhancedPwm_v1_0_S00_AXI is either unconnected or has no load
---------------------------------------------------------------------------------
Finished RTL Elaboration : Time (s): cpu = 00:00:07 ; elapsed = 00:00:07 . Memory (MB): peak = 1374.902 ; gain = 503.699
---------------------------------------------------------------------------------
---------------------------------------------------------------------------------
Start Handling Custom Attributes
---------------------------------------------------------------------------------
---------------------------------------------------------------------------------
Finished Handling Custom Attributes : Time (s): cpu = 00:00:07 ; elapsed = 00:00:07 . Memory (MB): peak = 1374.902 ; gain = 503.699
---------------------------------------------------------------------------------
---------------------------------------------------------------------------------
Finished RTL Optimization Phase 1 : Time (s): cpu = 00:00:07 ; elapsed = 00:00:07 . Memory (MB): peak = 1374.902 ; gain = 503.699
---------------------------------------------------------------------------------
Netlist sorting complete. Time (s): cpu = 00:00:00 ; elapsed = 00:00:00.007 . Memory (MB): peak = 1374.902 ; gain = 0.000
INFO: [Project 1-570] Preparing netlist for logic optimization

Processing XDC Constraints
Initializing timing engine
Completed Processing XDC Constraints

Netlist sorting complete. Time (s): cpu = 00:00:00 ; elapsed = 00:00:00.001 . Memory (MB): peak = 1450.531 ; gain = 0.000
INFO: [Project 1-111] Unisim Transformation Summary:
No Unisim elements were transformed.

Constraint Validation Runtime : Time (s): cpu = 00:00:00 ; elapsed = 00:00:00.020 . Memory (MB): peak = 1450.535 ; gain = 0.004
INFO: [Designutils 20-5008] Incremental synthesis strategy off
---------------------------------------------------------------------------------
Finished Constraint Validation : Time (s): cpu = 00:00:14 ; elapsed = 00:00:14 . Memory (MB): peak = 1450.535 ; gain = 579.332
---------------------------------------------------------------------------------
---------------------------------------------------------------------------------
Start Loading Part and Timing Information
---------------------------------------------------------------------------------
Loading part: xc7z010clg400-1
---------------------------------------------------------------------------------
Finished Loading Part and Timing Information : Time (s): cpu = 00:00:14 ; elapsed = 00:00:14 . Memory (MB): peak = 1450.535 ; gain = 579.332
---------------------------------------------------------------------------------
---------------------------------------------------------------------------------
Start Applying 'set_property' XDC Constraints
---------------------------------------------------------------------------------
---------------------------------------------------------------------------------
Finished applying 'set_property' XDC Constraints : Time (s): cpu = 00:00:14 ; elapsed = 00:00:14 . Memory (MB): peak = 1450.535 ; gain = 579.332
---------------------------------------------------------------------------------
TclStackFree: incorrect freePtr. Call out of sequence?
