
*** Running vivado
    with args -log zyncoscope_epwm_1_0.vds -m64 -product Vivado -mode batch -messageDb vivado.pb -notrace -source zyncoscope_epwm_1_0.tcl


ECHO is off.
ECHO is off.

****** Vivado v2023.1 (64-bit)
  **** SW Build 3865809 on Sun May  7 15:05:29 MDT 2023
  **** IP Build 3864474 on Sun May  7 20:36:21 MDT 2023
  **** SharedData Build 3865790 on Sun May 07 13:33:03 MDT 2023
    ** Copyright 1986-2022 Xilinx, Inc. All Rights Reserved.
    ** Copyright 2022-2023 Advanced Micro Devices, Inc. All Rights Reserved.

source zyncoscope_epwm_1_0.tcl -notrace
create_project: Time (s): cpu = 00:00:06 ; elapsed = 00:00:07 . Memory (MB): peak = 456.297 ; gain = 158.785
INFO: [IP_Flow 19-234] Refreshing IP repositories
INFO: [IP_Flow 19-1700] Loaded user IP repository 'c:/Users/JackPaul/OneDrive/Documents/Programs/Projects/eeng498/ip_repo'.
INFO: [IP_Flow 19-2313] Loaded Vivado IP repository 'C:/Xilinx/Vivado/2023.1/data/ip'.
WARNING: [IP_Flow 19-4995] The host OS only allows 260 characters in a normal path. The IP cache path is more than 80 characters. If you experience issues with IP caching, please consider changing the IP cache to a location with a shorter path. Alternately consider using the OS subst command to map part of the path to a drive letter. 
Current IP cache path is c:/Users/JackPaul/OneDrive/Documents/Programs/Projects/eeng498/oscope-funcgen-lab6/oscope-funcgen-lab6.cache/ip 
INFO: [IP_Flow 19-6924] IPCACHE: Running cache check for IP inst: zyncoscope_epwm_1_0
Command: synth_design -top zyncoscope_epwm_1_0 -part xc7z010clg400-1 -incremental_mode off -mode out_of_context
Starting synth_design
Attempting to get a license for feature 'Synthesis' and/or device 'xc7z010'
INFO: [Common 17-349] Got license for feature 'Synthesis' and/or device 'xc7z010'
INFO: [Device 21-403] Loading part xc7z010clg400-1
INFO: [Synth 8-7079] Multithreading enabled for synth_design using a maximum of 2 processes.
INFO: [Synth 8-7078] Launching helper process for spawning children vivado processes
INFO: [Synth 8-7075] Helper process launched with PID 40272
---------------------------------------------------------------------------------
Starting RTL Elaboration : Time (s): cpu = 00:00:07 ; elapsed = 00:00:11 . Memory (MB): peak = 1282.316 ; gain = 409.730
---------------------------------------------------------------------------------
INFO: [Synth 8-638] synthesizing module 'zyncoscope_epwm_1_0' [c:/Users/JackPaul/OneDrive/Documents/Programs/Projects/eeng498/oscope-funcgen-lab6/oscope-funcgen-lab6.gen/sources_1/bd/zyncoscope/ip/zyncoscope_epwm_1_0/synth/zyncoscope_epwm_1_0.vhd:85]
	Parameter C_S00_AXI_DATA_WIDTH bound to: 32 - type: integer 
	Parameter C_S00_AXI_ADDR_WIDTH bound to: 4 - type: integer 
INFO: [Synth 8-3491] module 'enhancedPwm_v1_0' declared at 'c:/Users/JackPaul/OneDrive/Documents/Programs/Projects/eeng498/oscope-funcgen-lab6/oscope-funcgen-lab6.gen/sources_1/bd/zyncoscope/ipshared/00ca/hdl/epwm_v1_0.vhd:5' bound to instance 'U0' of component 'enhancedPwm_v1_0' [c:/Users/JackPaul/OneDrive/Documents/Programs/Projects/eeng498/oscope-funcgen-lab6/oscope-funcgen-lab6.gen/sources_1/bd/zyncoscope/ip/zyncoscope_epwm_1_0/synth/zyncoscope_epwm_1_0.vhd:154]
INFO: [Synth 8-638] synthesizing module 'enhancedPwm_v1_0' [c:/Users/JackPaul/OneDrive/Documents/Programs/Projects/eeng498/oscope-funcgen-lab6/oscope-funcgen-lab6.gen/sources_1/bd/zyncoscope/ipshared/00ca/hdl/epwm_v1_0.vhd:51]
	Parameter C_S_AXI_DATA_WIDTH bound to: 32 - type: integer 
	Parameter C_S_AXI_ADDR_WIDTH bound to: 4 - type: integer 
INFO: [Synth 8-3491] module 'enhancedPwm_v1_0_S00_AXI' declared at 'c:/Users/JackPaul/OneDrive/Documents/Programs/Projects/eeng498/oscope-funcgen-lab6/oscope-funcgen-lab6.gen/sources_1/bd/zyncoscope/ipshared/00ca/hdl/epwm_v1_0_S00_AXI.vhd:5' bound to instance 'enhancedPwm_v1_0_S00_AXI_inst' of component 'enhancedPwm_v1_0_S00_AXI' [c:/Users/JackPaul/OneDrive/Documents/Programs/Projects/eeng498/oscope-funcgen-lab6/oscope-funcgen-lab6.gen/sources_1/bd/zyncoscope/ipshared/00ca/hdl/epwm_v1_0.vhd:88]
INFO: [Synth 8-638] synthesizing module 'enhancedPwm_v1_0_S00_AXI' [c:/Users/JackPaul/OneDrive/Documents/Programs/Projects/eeng498/oscope-funcgen-lab6/oscope-funcgen-lab6.gen/sources_1/bd/zyncoscope/ipshared/00ca/hdl/epwm_v1_0_S00_AXI.vhd:88]
INFO: [Synth 8-226] default block is never used [c:/Users/JackPaul/OneDrive/Documents/Programs/Projects/eeng498/oscope-funcgen-lab6/oscope-funcgen-lab6.gen/sources_1/bd/zyncoscope/ipshared/00ca/hdl/epwm_v1_0_S00_AXI.vhd:234]
INFO: [Synth 8-226] default block is never used [c:/Users/JackPaul/OneDrive/Documents/Programs/Projects/eeng498/oscope-funcgen-lab6/oscope-funcgen-lab6.gen/sources_1/bd/zyncoscope/ipshared/00ca/hdl/epwm_v1_0_S00_AXI.vhd:364]
INFO: [Synth 8-3491] module 'enhancedPwm' declared at 'c:/Users/JackPaul/OneDrive/Documents/Programs/Projects/eeng498/oscope-funcgen-lab6/oscope-funcgen-lab6.gen/sources_1/bd/zyncoscope/ipshared/00ca/src/enhancedPwm.vhdl:10' bound to instance 'epwm' of component 'enhancedPwm' [c:/Users/JackPaul/OneDrive/Documents/Programs/Projects/eeng498/oscope-funcgen-lab6/oscope-funcgen-lab6.gen/sources_1/bd/zyncoscope/ipshared/00ca/hdl/epwm_v1_0_S00_AXI.vhd:398]
INFO: [Synth 8-638] synthesizing module 'enhancedPwm' [c:/Users/JackPaul/OneDrive/Documents/Programs/Projects/eeng498/oscope-funcgen-lab6/oscope-funcgen-lab6.gen/sources_1/bd/zyncoscope/ipshared/00ca/src/enhancedPwm.vhdl:18]
	Parameter N bound to: 8 - type: integer 
INFO: [Synth 8-3491] module 'genericCounter' declared at 'c:/Users/JackPaul/OneDrive/Documents/Programs/Projects/eeng498/oscope-funcgen-lab6/oscope-funcgen-lab6.gen/sources_1/bd/zyncoscope/ipshared/00ca/src/genericCounter.vhdl:15' bound to instance 'dutycycleCounter' of component 'genericCounter' [c:/Users/JackPaul/OneDrive/Documents/Programs/Projects/eeng498/oscope-funcgen-lab6/oscope-funcgen-lab6.gen/sources_1/bd/zyncoscope/ipshared/00ca/src/enhancedPwm.vhdl:44]
INFO: [Synth 8-638] synthesizing module 'genericCounter' [c:/Users/JackPaul/OneDrive/Documents/Programs/Projects/eeng498/oscope-funcgen-lab6/oscope-funcgen-lab6.gen/sources_1/bd/zyncoscope/ipshared/00ca/src/genericCounter.vhdl:23]
INFO: [Synth 8-256] done synthesizing module 'genericCounter' (0#1) [c:/Users/JackPaul/OneDrive/Documents/Programs/Projects/eeng498/oscope-funcgen-lab6/oscope-funcgen-lab6.gen/sources_1/bd/zyncoscope/ipshared/00ca/src/genericCounter.vhdl:23]
	Parameter N bound to: 9 - type: integer 
INFO: [Synth 8-3491] module 'genericCompare' declared at 'c:/Users/JackPaul/OneDrive/Documents/Programs/Projects/eeng498/oscope-funcgen-lab6/oscope-funcgen-lab6.gen/sources_1/bd/zyncoscope/ipshared/00ca/src/genericComparator.vhdl:10' bound to instance 'dutycycleCompare' of component 'genericCompare' [c:/Users/JackPaul/OneDrive/Documents/Programs/Projects/eeng498/oscope-funcgen-lab6/oscope-funcgen-lab6.gen/sources_1/bd/zyncoscope/ipshared/00ca/src/enhancedPwm.vhdl:54]
INFO: [Synth 8-638] synthesizing module 'genericCompare' [c:/Users/JackPaul/OneDrive/Documents/Programs/Projects/eeng498/oscope-funcgen-lab6/oscope-funcgen-lab6.gen/sources_1/bd/zyncoscope/ipshared/00ca/src/genericComparator.vhdl:16]
INFO: [Synth 8-256] done synthesizing module 'genericCompare' (0#1) [c:/Users/JackPaul/OneDrive/Documents/Programs/Projects/eeng498/oscope-funcgen-lab6/oscope-funcgen-lab6.gen/sources_1/bd/zyncoscope/ipshared/00ca/src/genericComparator.vhdl:16]
	Parameter N bound to: 8 - type: integer 
INFO: [Synth 8-3491] module 'genericCompare' declared at 'c:/Users/JackPaul/OneDrive/Documents/Programs/Projects/eeng498/oscope-funcgen-lab6/oscope-funcgen-lab6.gen/sources_1/bd/zyncoscope/ipshared/00ca/src/genericComparator.vhdl:10' bound to instance 'rolloverCompare' of component 'genericCompare' [c:/Users/JackPaul/OneDrive/Documents/Programs/Projects/eeng498/oscope-funcgen-lab6/oscope-funcgen-lab6.gen/sources_1/bd/zyncoscope/ipshared/00ca/src/enhancedPwm.vhdl:64]
INFO: [Synth 8-638] synthesizing module 'genericCompare__parameterized1' [c:/Users/JackPaul/OneDrive/Documents/Programs/Projects/eeng498/oscope-funcgen-lab6/oscope-funcgen-lab6.gen/sources_1/bd/zyncoscope/ipshared/00ca/src/genericComparator.vhdl:16]
INFO: [Synth 8-256] done synthesizing module 'genericCompare__parameterized1' (0#1) [c:/Users/JackPaul/OneDrive/Documents/Programs/Projects/eeng498/oscope-funcgen-lab6/oscope-funcgen-lab6.gen/sources_1/bd/zyncoscope/ipshared/00ca/src/genericComparator.vhdl:16]
	Parameter N bound to: 9 - type: integer 
INFO: [Synth 8-3491] module 'genericRegister' declared at 'c:/Users/JackPaul/OneDrive/Documents/Programs/Projects/eeng498/oscope-funcgen-lab6/oscope-funcgen-lab6.gen/sources_1/bd/zyncoscope/ipshared/00ca/src/genericRegister.vhdl:11' bound to instance 'dutycycleRegister' of component 'genericRegister' [c:/Users/JackPaul/OneDrive/Documents/Programs/Projects/eeng498/oscope-funcgen-lab6/oscope-funcgen-lab6.gen/sources_1/bd/zyncoscope/ipshared/00ca/src/enhancedPwm.vhdl:74]
INFO: [Synth 8-638] synthesizing module 'genericRegister' [c:/Users/JackPaul/OneDrive/Documents/Programs/Projects/eeng498/oscope-funcgen-lab6/oscope-funcgen-lab6.gen/sources_1/bd/zyncoscope/ipshared/00ca/src/genericRegister.vhdl:18]
INFO: [Synth 8-256] done synthesizing module 'genericRegister' (0#1) [c:/Users/JackPaul/OneDrive/Documents/Programs/Projects/eeng498/oscope-funcgen-lab6/oscope-funcgen-lab6.gen/sources_1/bd/zyncoscope/ipshared/00ca/src/genericRegister.vhdl:18]
INFO: [Synth 8-256] done synthesizing module 'enhancedPwm' (0#1) [c:/Users/JackPaul/OneDrive/Documents/Programs/Projects/eeng498/oscope-funcgen-lab6/oscope-funcgen-lab6.gen/sources_1/bd/zyncoscope/ipshared/00ca/src/enhancedPwm.vhdl:18]
INFO: [Synth 8-256] done synthesizing module 'enhancedPwm_v1_0_S00_AXI' (0#1) [c:/Users/JackPaul/OneDrive/Documents/Programs/Projects/eeng498/oscope-funcgen-lab6/oscope-funcgen-lab6.gen/sources_1/bd/zyncoscope/ipshared/00ca/hdl/epwm_v1_0_S00_AXI.vhd:88]
INFO: [Synth 8-256] done synthesizing module 'enhancedPwm_v1_0' (0#1) [c:/Users/JackPaul/OneDrive/Documents/Programs/Projects/eeng498/oscope-funcgen-lab6/oscope-funcgen-lab6.gen/sources_1/bd/zyncoscope/ipshared/00ca/hdl/epwm_v1_0.vhd:51]
INFO: [Synth 8-256] done synthesizing module 'zyncoscope_epwm_1_0' (0#1) [c:/Users/JackPaul/OneDrive/Documents/Programs/Projects/eeng498/oscope-funcgen-lab6/oscope-funcgen-lab6.gen/sources_1/bd/zyncoscope/ip/zyncoscope_epwm_1_0/synth/zyncoscope_epwm_1_0.vhd:85]
WARNING: [Synth 8-3848] Net pwmCount in module/entity enhancedPwm does not have driver. [c:/Users/JackPaul/OneDrive/Documents/Programs/Projects/eeng498/oscope-funcgen-lab6/oscope-funcgen-lab6.gen/sources_1/bd/zyncoscope/ipshared/00ca/src/enhancedPwm.vhdl:14]
WARNING: [Synth 8-6014] Unused sequential element slv_reg1_reg was removed.  [c:/Users/JackPaul/OneDrive/Documents/Programs/Projects/eeng498/oscope-funcgen-lab6/oscope-funcgen-lab6.gen/sources_1/bd/zyncoscope/ipshared/00ca/hdl/epwm_v1_0_S00_AXI.vhd:228]
WARNING: [Synth 8-7129] Port pwmCount[7] in module enhancedPwm is either unconnected or has no load
WARNING: [Synth 8-7129] Port pwmCount[6] in module enhancedPwm is either unconnected or has no load
WARNING: [Synth 8-7129] Port pwmCount[5] in module enhancedPwm is either unconnected or has no load
WARNING: [Synth 8-7129] Port pwmCount[4] in module enhancedPwm is either unconnected or has no load
WARNING: [Synth 8-7129] Port pwmCount[3] in module enhancedPwm is either unconnected or has no load
WARNING: [Synth 8-7129] Port pwmCount[2] in module enhancedPwm is either unconnected or has no load
WARNING: [Synth 8-7129] Port pwmCount[1] in module enhancedPwm is either unconnected or has no load
WARNING: [Synth 8-7129] Port pwmCount[0] in module enhancedPwm is either unconnected or has no load
WARNING: [Synth 8-7129] Port S_AXI_AWPROT[2] in module enhancedPwm_v1_0_S00_AXI is either unconnected or has no load
WARNING: [Synth 8-7129] Port S_AXI_AWPROT[1] in module enhancedPwm_v1_0_S00_AXI is either unconnected or has no load
WARNING: [Synth 8-7129] Port S_AXI_AWPROT[0] in module enhancedPwm_v1_0_S00_AXI is either unconnected or has no load
WARNING: [Synth 8-7129] Port S_AXI_ARPROT[2] in module enhancedPwm_v1_0_S00_AXI is either unconnected or has no load
WARNING: [Synth 8-7129] Port S_AXI_ARPROT[1] in module enhancedPwm_v1_0_S00_AXI is either unconnected or has no load
WARNING: [Synth 8-7129] Port S_AXI_ARPROT[0] in module enhancedPwm_v1_0_S00_AXI is either unconnected or has no load
---------------------------------------------------------------------------------
Finished RTL Elaboration : Time (s): cpu = 00:00:10 ; elapsed = 00:00:15 . Memory (MB): peak = 1379.531 ; gain = 506.945
---------------------------------------------------------------------------------
---------------------------------------------------------------------------------
Start Handling Custom Attributes
---------------------------------------------------------------------------------
---------------------------------------------------------------------------------
Finished Handling Custom Attributes : Time (s): cpu = 00:00:10 ; elapsed = 00:00:15 . Memory (MB): peak = 1379.531 ; gain = 506.945
---------------------------------------------------------------------------------
---------------------------------------------------------------------------------
Finished RTL Optimization Phase 1 : Time (s): cpu = 00:00:10 ; elapsed = 00:00:15 . Memory (MB): peak = 1379.531 ; gain = 506.945
---------------------------------------------------------------------------------
Netlist sorting complete. Time (s): cpu = 00:00:00 ; elapsed = 00:00:00.008 . Memory (MB): peak = 1379.531 ; gain = 0.000
INFO: [Project 1-570] Preparing netlist for logic optimization

Processing XDC Constraints
Initializing timing engine
Completed Processing XDC Constraints

Netlist sorting complete. Time (s): cpu = 00:00:00 ; elapsed = 00:00:00 . Memory (MB): peak = 1412.777 ; gain = 0.000
INFO: [Project 1-111] Unisim Transformation Summary:
No Unisim elements were transformed.

Constraint Validation Runtime : Time (s): cpu = 00:00:00 ; elapsed = 00:00:00.039 . Memory (MB): peak = 1414.207 ; gain = 1.430
INFO: [Designutils 20-5008] Incremental synthesis strategy off
---------------------------------------------------------------------------------
Finished Constraint Validation : Time (s): cpu = 00:00:19 ; elapsed = 00:00:25 . Memory (MB): peak = 1414.207 ; gain = 541.621
---------------------------------------------------------------------------------
---------------------------------------------------------------------------------
Start Loading Part and Timing Information
---------------------------------------------------------------------------------
Loading part: xc7z010clg400-1
---------------------------------------------------------------------------------
Finished Loading Part and Timing Information : Time (s): cpu = 00:00:19 ; elapsed = 00:00:25 . Memory (MB): peak = 1414.207 ; gain = 541.621
---------------------------------------------------------------------------------
---------------------------------------------------------------------------------
Start Applying 'set_property' XDC Constraints
---------------------------------------------------------------------------------
---------------------------------------------------------------------------------
Finished applying 'set_property' XDC Constraints : Time (s): cpu = 00:00:19 ; elapsed = 00:00:25 . Memory (MB): peak = 1414.207 ; gain = 541.621
---------------------------------------------------------------------------------
---------------------------------------------------------------------------------
Finished RTL Optimization Phase 2 : Time (s): cpu = 00:00:20 ; elapsed = 00:00:25 . Memory (MB): peak = 1414.207 ; gain = 541.621
---------------------------------------------------------------------------------
---------------------------------------------------------------------------------
Start RTL Component Statistics 
---------------------------------------------------------------------------------
Detailed RTL Component Info : 
+---Adders : 
	   2 Input    8 Bit       Adders := 1     
+---Registers : 
	               32 Bit    Registers := 4     
	                9 Bit    Registers := 1     
	                8 Bit    Registers := 1     
	                4 Bit    Registers := 2     
	                2 Bit    Registers := 2     
	                1 Bit    Registers := 7     
+---Muxes : 
	   2 Input   32 Bit        Muxes := 3     
	   4 Input   32 Bit        Muxes := 4     
	   4 Input    8 Bit        Muxes := 1     
	   2 Input    3 Bit        Muxes := 2     
	   2 Input    2 Bit        Muxes := 2     
	   4 Input    2 Bit        Muxes := 1     
	   4 Input    1 Bit        Muxes := 1     
	   2 Input    1 Bit        Muxes := 5     
---------------------------------------------------------------------------------
Finished RTL Component Statistics 
---------------------------------------------------------------------------------
---------------------------------------------------------------------------------
Start Part Resource Summary
---------------------------------------------------------------------------------
Part Resources:
DSPs: 80 (col length:40)
BRAMs: 120 (col length: RAMB18 40 RAMB36 20)
---------------------------------------------------------------------------------
Finished Part Resource Summary
---------------------------------------------------------------------------------
---------------------------------------------------------------------------------
Start Cross Boundary and Area Optimization
---------------------------------------------------------------------------------
WARNING: [Synth 8-7080] Parallel synthesis criteria is not met
WARNING: [Synth 8-7129] Port s00_axi_awprot[2] in module zyncoscope_epwm_1_0 is either unconnected or has no load
WARNING: [Synth 8-7129] Port s00_axi_awprot[1] in module zyncoscope_epwm_1_0 is either unconnected or has no load
WARNING: [Synth 8-7129] Port s00_axi_awprot[0] in module zyncoscope_epwm_1_0 is either unconnected or has no load
WARNING: [Synth 8-7129] Port s00_axi_arprot[2] in module zyncoscope_epwm_1_0 is either unconnected or has no load
WARNING: [Synth 8-7129] Port s00_axi_arprot[1] in module zyncoscope_epwm_1_0 is either unconnected or has no load
WARNING: [Synth 8-7129] Port s00_axi_arprot[0] in module zyncoscope_epwm_1_0 is either unconnected or has no load
---------------------------------------------------------------------------------
Finished Cross Boundary and Area Optimization : Time (s): cpu = 00:00:22 ; elapsed = 00:00:28 . Memory (MB): peak = 1414.207 ; gain = 541.621
---------------------------------------------------------------------------------
---------------------------------------------------------------------------------
Start Applying XDC Timing Constraints
---------------------------------------------------------------------------------
---------------------------------------------------------------------------------
Finished Applying XDC Timing Constraints : Time (s): cpu = 00:00:29 ; elapsed = 00:00:34 . Memory (MB): peak = 1414.207 ; gain = 541.621
---------------------------------------------------------------------------------
---------------------------------------------------------------------------------
Start Timing Optimization
---------------------------------------------------------------------------------
---------------------------------------------------------------------------------
Finished Timing Optimization : Time (s): cpu = 00:00:29 ; elapsed = 00:00:34 . Memory (MB): peak = 1414.207 ; gain = 541.621
---------------------------------------------------------------------------------
---------------------------------------------------------------------------------
Start Technology Mapping
---------------------------------------------------------------------------------
---------------------------------------------------------------------------------
Finished Technology Mapping : Time (s): cpu = 00:00:29 ; elapsed = 00:00:34 . Memory (MB): peak = 1414.207 ; gain = 541.621
---------------------------------------------------------------------------------
---------------------------------------------------------------------------------
Start IO Insertion
---------------------------------------------------------------------------------
---------------------------------------------------------------------------------
Start Flattening Before IO Insertion
---------------------------------------------------------------------------------
---------------------------------------------------------------------------------
Finished Flattening Before IO Insertion
---------------------------------------------------------------------------------
---------------------------------------------------------------------------------
Start Final Netlist Cleanup
---------------------------------------------------------------------------------
---------------------------------------------------------------------------------
Finished Final Netlist Cleanup
---------------------------------------------------------------------------------
---------------------------------------------------------------------------------
Finished IO Insertion : Time (s): cpu = 00:00:34 ; elapsed = 00:00:40 . Memory (MB): peak = 1414.207 ; gain = 541.621
---------------------------------------------------------------------------------
---------------------------------------------------------------------------------
Start Renaming Generated Instances
---------------------------------------------------------------------------------
---------------------------------------------------------------------------------
Finished Renaming Generated Instances : Time (s): cpu = 00:00:34 ; elapsed = 00:00:40 . Memory (MB): peak = 1414.207 ; gain = 541.621
---------------------------------------------------------------------------------
---------------------------------------------------------------------------------
Start Rebuilding User Hierarchy
---------------------------------------------------------------------------------
---------------------------------------------------------------------------------
Finished Rebuilding User Hierarchy : Time (s): cpu = 00:00:34 ; elapsed = 00:00:40 . Memory (MB): peak = 1414.207 ; gain = 541.621
---------------------------------------------------------------------------------
---------------------------------------------------------------------------------
Start Renaming Generated Ports
---------------------------------------------------------------------------------
---------------------------------------------------------------------------------
Finished Renaming Generated Ports : Time (s): cpu = 00:00:34 ; elapsed = 00:00:40 . Memory (MB): peak = 1414.207 ; gain = 541.621
---------------------------------------------------------------------------------
---------------------------------------------------------------------------------
Start Handling Custom Attributes
---------------------------------------------------------------------------------
---------------------------------------------------------------------------------
Finished Handling Custom Attributes : Time (s): cpu = 00:00:34 ; elapsed = 00:00:40 . Memory (MB): peak = 1414.207 ; gain = 541.621
---------------------------------------------------------------------------------
---------------------------------------------------------------------------------
Start Renaming Generated Nets
---------------------------------------------------------------------------------
---------------------------------------------------------------------------------
Finished Renaming Generated Nets : Time (s): cpu = 00:00:34 ; elapsed = 00:00:40 . Memory (MB): peak = 1414.207 ; gain = 541.621
---------------------------------------------------------------------------------
---------------------------------------------------------------------------------
Start Writing Synthesis Report
---------------------------------------------------------------------------------

Report BlackBoxes: 
+-+--------------+----------+
| |BlackBox name |Instances |
+-+--------------+----------+
+-+--------------+----------+

Report Cell Usage: 
+------+-------+------+
|      |Cell   |Count |
+------+-------+------+
|1     |CARRY4 |     2|
|2     |LUT1   |     3|
|3     |LUT2   |     2|
|4     |LUT3   |     3|
|5     |LUT4   |    29|
|6     |LUT5   |    35|
|7     |LUT6   |     5|
|8     |FDRE   |   153|
|9     |FDSE   |     3|
+------+-------+------+
---------------------------------------------------------------------------------
Finished Writing Synthesis Report : Time (s): cpu = 00:00:34 ; elapsed = 00:00:40 . Memory (MB): peak = 1414.207 ; gain = 541.621
---------------------------------------------------------------------------------
Synthesis finished with 0 errors, 0 critical warnings and 7 warnings.
Synthesis Optimization Runtime : Time (s): cpu = 00:00:22 ; elapsed = 00:00:38 . Memory (MB): peak = 1414.207 ; gain = 506.945
Synthesis Optimization Complete : Time (s): cpu = 00:00:35 ; elapsed = 00:00:41 . Memory (MB): peak = 1414.207 ; gain = 541.621
INFO: [Project 1-571] Translating synthesized netlist
Netlist sorting complete. Time (s): cpu = 00:00:00 ; elapsed = 00:00:00.004 . Memory (MB): peak = 1414.207 ; gain = 0.000
INFO: [Netlist 29-17] Analyzing 2 Unisim elements for replacement
INFO: [Netlist 29-28] Unisim Transformation completed in 0 CPU seconds
INFO: [Project 1-570] Preparing netlist for logic optimization
INFO: [Opt 31-138] Pushed 0 inverter(s) to 0 load pin(s).
Netlist sorting complete. Time (s): cpu = 00:00:00 ; elapsed = 00:00:00 . Memory (MB): peak = 1417.668 ; gain = 0.000
INFO: [Project 1-111] Unisim Transformation Summary:
No Unisim elements were transformed.

Synth Design complete | Checksum: 7f7888f4
INFO: [Common 17-83] Releasing license: Synthesis
44 Infos, 24 Warnings, 0 Critical Warnings and 0 Errors encountered.
synth_design completed successfully
synth_design: Time (s): cpu = 00:00:40 ; elapsed = 00:00:47 . Memory (MB): peak = 1417.668 ; gain = 925.898
INFO: [Common 17-1381] The checkpoint 'C:/Users/JackPaul/OneDrive/Documents/Programs/Projects/eeng498/oscope-funcgen-lab6/oscope-funcgen-lab6.runs/zyncoscope_epwm_1_0_synth_1/zyncoscope_epwm_1_0.dcp' has been generated.
INFO: [Coretcl 2-1648] Added synthesis output to IP cache for IP zyncoscope_epwm_1_0, cache-ID = 582688f68334584c
INFO: [Coretcl 2-1174] Renamed 6 cell refs.
INFO: [Common 17-1381] The checkpoint 'C:/Users/JackPaul/OneDrive/Documents/Programs/Projects/eeng498/oscope-funcgen-lab6/oscope-funcgen-lab6.runs/zyncoscope_epwm_1_0_synth_1/zyncoscope_epwm_1_0.dcp' has been generated.
INFO: [runtcl-4] Executing : report_utilization -file zyncoscope_epwm_1_0_utilization_synth.rpt -pb zyncoscope_epwm_1_0_utilization_synth.pb
INFO: [Common 17-206] Exiting Vivado at Thu Nov 30 22:02:48 2023...
